page table 0x0000000087f49000
+-- 0: pte=0x0000000087f49000 va=0x0000000000000000 pa=0x0000000087f45000 V
|   +-- 0: pte=0x0000000087f45000 va=0x0000000000000000 pa=0x0000000087f44000 V
|       +-- 0: pte=0x0000000087f44000 va=0x0000000000000000 pa=0x0000000087f46000 V R W X U
|       +-- 1: pte=0x0000000087f44008 va=0x0000000000001000 pa=0x0000000087f43000 V R W X
|       +-- 2: pte=0x0000000087f44010 va=0x0000000000002000 pa=0x0000000087f42000 V R W X U D
+-- 255: pte=0x0000000087f497f8 va=0x0000003fc0000000 pa=0x0000000087f48000 V
    +-- 511: pte=0x0000000087f48ff8 va=0x0000003fffe00000 pa=0x0000000087f47000 V
        +-- 510: pte=0x0000000087f47ff0 va=0x0000003fffffe000 pa=0x0000000087f65000 V R W D
        +-- 511: pte=0x0000000087f47ff8 va=0x0000003ffffff000 pa=0x0000000080007000 V R X
After malloc
page table 0x0000000087f49000
+-- 0: pte=0x0000000087f49000 va=0x0000000000000000 pa=0x0000000087f45000 V
|   +-- 0: pte=0x0000000087f45000 va=0x0000000000000000 pa=0x0000000087f44000 V
|       +-- 0: pte=0x0000000087f44000 va=0x0000000000000000 pa=0x0000000087f46000 V R W X U D
|       +-- 1: pte=0x0000000087f44008 va=0x0000000000001000 pa=0x0000000087f43000 V R W X
|       +-- 2: pte=0x0000000087f44010 va=0x0000000000002000 pa=0x0000000087f42000 V R W X U D
|       +-- 3: pte=0x0000000087f44018 va=0x0000000000003000 pa=0x0000000087f4a000 V R W X U D
|       +-- 4: pte=0x0000000087f44020 va=0x0000000000004000 pa=0x0000000087f76000 V R W X U
|       +-- 5: pte=0x0000000087f44028 va=0x0000000000005000 pa=0x0000000087f75000 V R W X U
|       +-- 6: pte=0x0000000087f44030 va=0x0000000000006000 pa=0x0000000087f74000 V R W X U
|       +-- 7: pte=0x0000000087f44038 va=0x0000000000007000 pa=0x0000000087f73000 V R W X U
|       +-- 8: pte=0x0000000087f44040 va=0x0000000000008000 pa=0x0000000087f66000 V R W X U
|       +-- 9: pte=0x0000000087f44048 va=0x0000000000009000 pa=0x0000000087f4b000 V R W X U
|       +-- 10: pte=0x0000000087f44050 va=0x000000000000a000 pa=0x0000000087f4c000 V R W X U
|       +-- 11: pte=0x0000000087f44058 va=0x000000000000b000 pa=0x0000000087f4d000 V R W X U
|       +-- 12: pte=0x0000000087f44060 va=0x000000000000c000 pa=0x0000000087f4e000 V R W X U
|       +-- 13: pte=0x0000000087f44068 va=0x000000000000d000 pa=0x0000000087f4f000 V R W X U
|       +-- 14: pte=0x0000000087f44070 va=0x000000000000e000 pa=0x0000000087f50000 V R W X U
|       +-- 15: pte=0x0000000087f44078 va=0x000000000000f000 pa=0x0000000087f51000 V R W X U
|       +-- 16: pte=0x0000000087f44080 va=0x0000000000010000 pa=0x0000000087f52000 V R W X U
|       +-- 17: pte=0x0000000087f44088 va=0x0000000000011000 pa=0x0000000087f53000 V R W X U
|       +-- 18: pte=0x0000000087f44090 va=0x0000000000012000 pa=0x0000000087f54000 V R W X U
|       +-- 19: pte=0x0000000087f44098 va=0x0000000000013000 pa=0x0000000087f55000 V R W X U
+-- 255: pte=0x0000000087f497f8 va=0x0000003fc0000000 pa=0x0000000087f48000 V
    +-- 511: pte=0x0000000087f48ff8 va=0x0000003fffe00000 pa=0x0000000087f47000 V
        +-- 510: pte=0x0000000087f47ff0 va=0x0000003fffffe000 pa=0x0000000087f65000 V R W D
        +-- 511: pte=0x0000000087f47ff8 va=0x0000003ffffff000 pa=0x0000000080007000 V R X
After madvise(MADV_PIN 6)
Page replacement buffers
------Start------------
pte: 0x0000000087f44068
pte: 0x0000000087f44070
pte: 0x0000000087f44078
pte: 0x0000000087f44080
pte: 0x0000000087f44088
pte: 0x0000000087f44090
pte: 0x0000000087f44098
pte: 0x0000000087f44030
------End--------------
After madvise(MADV_PIN 15)
Page replacement buffers
------Start------------
pte: 0x0000000087f44068
pte: 0x0000000087f44070
pte: 0x0000000087f44078
pte: 0x0000000087f44080
pte: 0x0000000087f44088
pte: 0x0000000087f44090
pte: 0x0000000087f44098
pte: 0x0000000087f44030
------End--------------
After madvise(MADV_PIN 13)
Page replacement buffers
------Start------------
pte: 0x0000000087f44068
pte: 0x0000000087f44070
pte: 0x0000000087f44078
pte: 0x0000000087f44080
pte: 0x0000000087f44088
pte: 0x0000000087f44090
pte: 0x0000000087f44098
pte: 0x0000000087f44030
------End--------------
After malloc
page table 0x0000000087f49000
+-- 0: pte=0x0000000087f49000 va=0x0000000000000000 pa=0x0000000087f45000 V
|   +-- 0: pte=0x0000000087f45000 va=0x0000000000000000 pa=0x0000000087f44000 V
|       +-- 0: pte=0x0000000087f44000 va=0x0000000000000000 pa=0x0000000087f46000 V R W X U D
|       +-- 1: pte=0x0000000087f44008 va=0x0000000000001000 pa=0x0000000087f43000 V R W X
|       +-- 2: pte=0x0000000087f44010 va=0x0000000000002000 pa=0x0000000087f42000 V R W X U D
|       +-- 3: pte=0x0000000087f44018 va=0x0000000000003000 pa=0x0000000087f4a000 V R W X U D
|       +-- 4: pte=0x0000000087f44020 va=0x0000000000004000 pa=0x0000000087f76000 V R W X U
|       +-- 5: pte=0x0000000087f44028 va=0x0000000000005000 pa=0x0000000087f75000 V R W X U
|       +-- 6: pte=0x0000000087f44030 va=0x0000000000006000 pa=0x0000000087f74000 V R W X U P
|       +-- 7: pte=0x0000000087f44038 va=0x0000000000007000 pa=0x0000000087f73000 V R W X U
|       +-- 8: pte=0x0000000087f44040 va=0x0000000000008000 pa=0x0000000087f66000 V R W X U
|       +-- 9: pte=0x0000000087f44048 va=0x0000000000009000 pa=0x0000000087f4b000 V R W X U
|       +-- 10: pte=0x0000000087f44050 va=0x000000000000a000 pa=0x0000000087f4c000 V R W X U
|       +-- 11: pte=0x0000000087f44058 va=0x000000000000b000 pa=0x0000000087f4d000 V R W X U
|       +-- 12: pte=0x0000000087f44060 va=0x000000000000c000 pa=0x0000000087f4e000 V R W X U
|       +-- 13: pte=0x0000000087f44068 va=0x000000000000d000 pa=0x0000000087f4f000 V R W X U P
|       +-- 14: pte=0x0000000087f44070 va=0x000000000000e000 pa=0x0000000087f50000 V R W X U
|       +-- 15: pte=0x0000000087f44078 va=0x000000000000f000 pa=0x0000000087f51000 V R W X U P
|       +-- 16: pte=0x0000000087f44080 va=0x0000000000010000 pa=0x0000000087f52000 V R W X U
|       +-- 17: pte=0x0000000087f44088 va=0x0000000000011000 pa=0x0000000087f53000 V R W X U
|       +-- 18: pte=0x0000000087f44090 va=0x0000000000012000 pa=0x0000000087f54000 V R W X U
|       +-- 19: pte=0x0000000087f44098 va=0x0000000000013000 pa=0x0000000087f55000 V R W X U D
|       +-- 20: pte=0x0000000087f440a0 va=0x0000000000014000 pa=0x0000000087f56000 V R W X U
|       +-- 21: pte=0x0000000087f440a8 va=0x0000000000015000 pa=0x0000000087f57000 V R W X U
|       +-- 22: pte=0x0000000087f440b0 va=0x0000000000016000 pa=0x0000000087f58000 V R W X U
|       +-- 23: pte=0x0000000087f440b8 va=0x0000000000017000 pa=0x0000000087f59000 V R W X U
|       +-- 24: pte=0x0000000087f440c0 va=0x0000000000018000 pa=0x0000000087f5a000 V R W X U
|       +-- 25: pte=0x0000000087f440c8 va=0x0000000000019000 pa=0x0000000087f5b000 V R W X U
|       +-- 26: pte=0x0000000087f440d0 va=0x000000000001a000 pa=0x0000000087f72000 V R W X U
|       +-- 27: pte=0x0000000087f440d8 va=0x000000000001b000 pa=0x0000000087f67000 V R W X U
|       +-- 28: pte=0x0000000087f440e0 va=0x000000000001c000 pa=0x0000000087f71000 V R W X U
|       +-- 29: pte=0x0000000087f440e8 va=0x000000000001d000 pa=0x0000000087f41000 V R W X U
|       +-- 30: pte=0x0000000087f440f0 va=0x000000000001e000 pa=0x0000000087f40000 V R W X U
|       +-- 31: pte=0x0000000087f440f8 va=0x000000000001f000 pa=0x0000000087f3f000 V R W X U
|       +-- 32: pte=0x0000000087f44100 va=0x0000000000020000 pa=0x0000000087f3e000 V R W X U
|       +-- 33: pte=0x0000000087f44108 va=0x0000000000021000 pa=0x0000000087f3d000 V R W X U D
|       +-- 34: pte=0x0000000087f44110 va=0x0000000000022000 pa=0x0000000087f3c000 V R W X U
|       +-- 35: pte=0x0000000087f44118 va=0x0000000000023000 pa=0x0000000087f3b000 V R W X U
+-- 255: pte=0x0000000087f497f8 va=0x0000003fc0000000 pa=0x0000000087f48000 V
    +-- 511: pte=0x0000000087f48ff8 va=0x0000003fffe00000 pa=0x0000000087f47000 V
        +-- 510: pte=0x0000000087f47ff0 va=0x0000003fffffe000 pa=0x0000000087f65000 V R W D
        +-- 511: pte=0x0000000087f47ff8 va=0x0000003ffffff000 pa=0x0000000080007000 V R X
Page replacement buffers
------Start------------
pte: 0x0000000087f44068
pte: 0x0000000087f44078
pte: 0x0000000087f44030
pte: 0x0000000087f440f8
pte: 0x0000000087f44100
pte: 0x0000000087f44108
pte: 0x0000000087f44110
pte: 0x0000000087f44118
------End--------------
After madvise(MADV_UNPIN 12)
Page replacement buffers
------Start------------
pte: 0x0000000087f44068
pte: 0x0000000087f44078
pte: 0x0000000087f44030
pte: 0x0000000087f440f8
pte: 0x0000000087f44100
pte: 0x0000000087f44108
pte: 0x0000000087f44110
pte: 0x0000000087f44118
------End--------------
After madvise(MADV_DONTNEED 13)
page table 0x0000000087f49000
+-- 0: pte=0x0000000087f49000 va=0x0000000000000000 pa=0x0000000087f45000 V
|   +-- 0: pte=0x0000000087f45000 va=0x0000000000000000 pa=0x0000000087f44000 V
|       +-- 0: pte=0x0000000087f44000 va=0x0000000000000000 pa=0x0000000087f46000 V R W X U D
|       +-- 1: pte=0x0000000087f44008 va=0x0000000000001000 pa=0x0000000087f43000 V R W X
|       +-- 2: pte=0x0000000087f44010 va=0x0000000000002000 pa=0x0000000087f42000 V R W X U D
|       +-- 3: pte=0x0000000087f44018 va=0x0000000000003000 pa=0x0000000087f4a000 V R W X U D
|       +-- 4: pte=0x0000000087f44020 va=0x0000000000004000 pa=0x0000000087f76000 V R W X U
|       +-- 5: pte=0x0000000087f44028 va=0x0000000000005000 pa=0x0000000087f75000 V R W X U
|       +-- 6: pte=0x0000000087f44030 va=0x0000000000006000 pa=0x0000000087f74000 V R W X U P
|       +-- 7: pte=0x0000000087f44038 va=0x0000000000007000 pa=0x0000000087f73000 V R W X U
|       +-- 8: pte=0x0000000087f44040 va=0x0000000000008000 pa=0x0000000087f66000 V R W X U
|       +-- 9: pte=0x0000000087f44048 va=0x0000000000009000 pa=0x0000000087f4b000 V R W X U
|       +-- 10: pte=0x0000000087f44050 va=0x000000000000a000 pa=0x0000000087f4c000 V R W X U
|       +-- 11: pte=0x0000000087f44058 va=0x000000000000b000 pa=0x0000000087f4d000 V R W X U
|       +-- 12: pte=0x0000000087f44060 va=0x000000000000c000 pa=0x0000000087f4e000 V R W X U
|       +-- 13: pte=0x0000000087f44068 va=0x000000000000d000 blockno=0x0000000000000370 R W X U S
|       +-- 14: pte=0x0000000087f44070 va=0x000000000000e000 pa=0x0000000087f50000 V R W X U
|       +-- 15: pte=0x0000000087f44078 va=0x000000000000f000 pa=0x0000000087f51000 V R W X U P
|       +-- 16: pte=0x0000000087f44080 va=0x0000000000010000 pa=0x0000000087f52000 V R W X U
|       +-- 17: pte=0x0000000087f44088 va=0x0000000000011000 pa=0x0000000087f53000 V R W X U
|       +-- 18: pte=0x0000000087f44090 va=0x0000000000012000 pa=0x0000000087f54000 V R W X U
|       +-- 19: pte=0x0000000087f44098 va=0x0000000000013000 pa=0x0000000087f55000 V R W X U D
|       +-- 20: pte=0x0000000087f440a0 va=0x0000000000014000 pa=0x0000000087f56000 V R W X U
|       +-- 21: pte=0x0000000087f440a8 va=0x0000000000015000 pa=0x0000000087f57000 V R W X U
|       +-- 22: pte=0x0000000087f440b0 va=0x0000000000016000 pa=0x0000000087f58000 V R W X U
|       +-- 23: pte=0x0000000087f440b8 va=0x0000000000017000 pa=0x0000000087f59000 V R W X U
|       +-- 24: pte=0x0000000087f440c0 va=0x0000000000018000 pa=0x0000000087f5a000 V R W X U
|       +-- 25: pte=0x0000000087f440c8 va=0x0000000000019000 pa=0x0000000087f5b000 V R W X U
|       +-- 26: pte=0x0000000087f440d0 va=0x000000000001a000 pa=0x0000000087f72000 V R W X U
|       +-- 27: pte=0x0000000087f440d8 va=0x000000000001b000 pa=0x0000000087f67000 V R W X U
|       +-- 28: pte=0x0000000087f440e0 va=0x000000000001c000 pa=0x0000000087f71000 V R W X U
|       +-- 29: pte=0x0000000087f440e8 va=0x000000000001d000 pa=0x0000000087f41000 V R W X U
|       +-- 30: pte=0x0000000087f440f0 va=0x000000000001e000 pa=0x0000000087f40000 V R W X U
|       +-- 31: pte=0x0000000087f440f8 va=0x000000000001f000 pa=0x0000000087f3f000 V R W X U
|       +-- 32: pte=0x0000000087f44100 va=0x0000000000020000 pa=0x0000000087f3e000 V R W X U
|       +-- 33: pte=0x0000000087f44108 va=0x0000000000021000 pa=0x0000000087f3d000 V R W X U D
|       +-- 34: pte=0x0000000087f44110 va=0x0000000000022000 pa=0x0000000087f3c000 V R W X U
|       +-- 35: pte=0x0000000087f44118 va=0x0000000000023000 pa=0x0000000087f3b000 V R W X U
+-- 255: pte=0x0000000087f497f8 va=0x0000003fc0000000 pa=0x0000000087f48000 V
    +-- 511: pte=0x0000000087f48ff8 va=0x0000003fffe00000 pa=0x0000000087f47000 V
        +-- 510: pte=0x0000000087f47ff0 va=0x0000003fffffe000 pa=0x0000000087f65000 V R W D
        +-- 511: pte=0x0000000087f47ff8 va=0x0000003ffffff000 pa=0x0000000080007000 V R X
Page replacement buffers
------Start------------
pte: 0x0000000087f44078
pte: 0x0000000087f44030
pte: 0x0000000087f440f8
pte: 0x0000000087f44100
pte: 0x0000000087f44108
pte: 0x0000000087f44110
pte: 0x0000000087f44118
------End--------------
Page fault and swap in
page table 0x0000000087f49000
+-- 0: pte=0x0000000087f49000 va=0x0000000000000000 pa=0x0000000087f45000 V
|   +-- 0: pte=0x0000000087f45000 va=0x0000000000000000 pa=0x0000000087f44000 V
|       +-- 0: pte=0x0000000087f44000 va=0x0000000000000000 pa=0x0000000087f46000 V R W X U D
|       +-- 1: pte=0x0000000087f44008 va=0x0000000000001000 pa=0x0000000087f43000 V R W X
|       +-- 2: pte=0x0000000087f44010 va=0x0000000000002000 pa=0x0000000087f42000 V R W X U D
|       +-- 3: pte=0x0000000087f44018 va=0x0000000000003000 pa=0x0000000087f4a000 V R W X U D
|       +-- 4: pte=0x0000000087f44020 va=0x0000000000004000 pa=0x0000000087f76000 V R W X U
|       +-- 5: pte=0x0000000087f44028 va=0x0000000000005000 pa=0x0000000087f75000 V R W X U
|       +-- 6: pte=0x0000000087f44030 va=0x0000000000006000 pa=0x0000000087f74000 V R W X U P
|       +-- 7: pte=0x0000000087f44038 va=0x0000000000007000 pa=0x0000000087f73000 V R W X U
|       +-- 8: pte=0x0000000087f44040 va=0x0000000000008000 pa=0x0000000087f66000 V R W X U
|       +-- 9: pte=0x0000000087f44048 va=0x0000000000009000 pa=0x0000000087f4b000 V R W X U
|       +-- 10: pte=0x0000000087f44050 va=0x000000000000a000 pa=0x0000000087f4c000 V R W X U
|       +-- 11: pte=0x0000000087f44058 va=0x000000000000b000 pa=0x0000000087f4d000 V R W X U
|       +-- 12: pte=0x0000000087f44060 va=0x000000000000c000 pa=0x0000000087f4e000 V R W X U
|       +-- 13: pte=0x0000000087f44068 va=0x000000000000d000 pa=0x0000000087f4f000 V R W X U D
|       +-- 14: pte=0x0000000087f44070 va=0x000000000000e000 pa=0x0000000087f50000 V R W X U
|       +-- 15: pte=0x0000000087f44078 va=0x000000000000f000 pa=0x0000000087f51000 V R W X U P
|       +-- 16: pte=0x0000000087f44080 va=0x0000000000010000 pa=0x0000000087f52000 V R W X U
|       +-- 17: pte=0x0000000087f44088 va=0x0000000000011000 pa=0x0000000087f53000 V R W X U
|       +-- 18: pte=0x0000000087f44090 va=0x0000000000012000 pa=0x0000000087f54000 V R W X U
|       +-- 19: pte=0x0000000087f44098 va=0x0000000000013000 pa=0x0000000087f55000 V R W X U D
|       +-- 20: pte=0x0000000087f440a0 va=0x0000000000014000 pa=0x0000000087f56000 V R W X U
|       +-- 21: pte=0x0000000087f440a8 va=0x0000000000015000 pa=0x0000000087f57000 V R W X U
|       +-- 22: pte=0x0000000087f440b0 va=0x0000000000016000 pa=0x0000000087f58000 V R W X U
|       +-- 23: pte=0x0000000087f440b8 va=0x0000000000017000 pa=0x0000000087f59000 V R W X U
|       +-- 24: pte=0x0000000087f440c0 va=0x0000000000018000 pa=0x0000000087f5a000 V R W X U
|       +-- 25: pte=0x0000000087f440c8 va=0x0000000000019000 pa=0x0000000087f5b000 V R W X U
|       +-- 26: pte=0x0000000087f440d0 va=0x000000000001a000 pa=0x0000000087f72000 V R W X U
|       +-- 27: pte=0x0000000087f440d8 va=0x000000000001b000 pa=0x0000000087f67000 V R W X U
|       +-- 28: pte=0x0000000087f440e0 va=0x000000000001c000 pa=0x0000000087f71000 V R W X U
|       +-- 29: pte=0x0000000087f440e8 va=0x000000000001d000 pa=0x0000000087f41000 V R W X U
|       +-- 30: pte=0x0000000087f440f0 va=0x000000000001e000 pa=0x0000000087f40000 V R W X U
|       +-- 31: pte=0x0000000087f440f8 va=0x000000000001f000 pa=0x0000000087f3f000 V R W X U
|       +-- 32: pte=0x0000000087f44100 va=0x0000000000020000 pa=0x0000000087f3e000 V R W X U
|       +-- 33: pte=0x0000000087f44108 va=0x0000000000021000 pa=0x0000000087f3d000 V R W X U D
|       +-- 34: pte=0x0000000087f44110 va=0x0000000000022000 pa=0x0000000087f3c000 V R W X U
|       +-- 35: pte=0x0000000087f44118 va=0x0000000000023000 pa=0x0000000087f3b000 V R W X U
+-- 255: pte=0x0000000087f497f8 va=0x0000003fc0000000 pa=0x0000000087f48000 V
    +-- 511: pte=0x0000000087f48ff8 va=0x0000003fffe00000 pa=0x0000000087f47000 V
        +-- 510: pte=0x0000000087f47ff0 va=0x0000003fffffe000 pa=0x0000000087f65000 V R W D
        +-- 511: pte=0x0000000087f47ff8 va=0x0000003ffffff000 pa=0x0000000080007000 V R X
Page replacement buffers
------Start------------
pte: 0x0000000087f44078
pte: 0x0000000087f44030
pte: 0x0000000087f440f8
pte: 0x0000000087f44100
pte: 0x0000000087f44108
pte: 0x0000000087f44110
pte: 0x0000000087f44118
pte: 0x0000000087f44068
------End--------------
page table 0x0000000087f49000
+-- 0: pte=0x0000000087f49000 va=0x0000000000000000 pa=0x0000000087f45000 V
|   +-- 0: pte=0x0000000087f45000 va=0x0000000000000000 pa=0x0000000087f44000 V
|       +-- 0: pte=0x0000000087f44000 va=0x0000000000000000 pa=0x0000000087f46000 V R W X U D
|       +-- 1: pte=0x0000000087f44008 va=0x0000000000001000 pa=0x0000000087f43000 V R W X
|       +-- 2: pte=0x0000000087f44010 va=0x0000000000002000 pa=0x0000000087f42000 V R W X U D
|       +-- 3: pte=0x0000000087f44018 va=0x0000000000003000 pa=0x0000000087f4a000 V R W X U D
|       +-- 4: pte=0x0000000087f44020 va=0x0000000000004000 pa=0x0000000087f76000 V R W X U
|       +-- 5: pte=0x0000000087f44028 va=0x0000000000005000 pa=0x0000000087f75000 V R W X U
|       +-- 6: pte=0x0000000087f44030 va=0x0000000000006000 pa=0x0000000087f74000 V R W X U
|       +-- 7: pte=0x0000000087f44038 va=0x0000000000007000 pa=0x0000000087f73000 V R W X U
|       +-- 8: pte=0x0000000087f44040 va=0x0000000000008000 pa=0x0000000087f66000 V R W X U
|       +-- 9: pte=0x0000000087f44048 va=0x0000000000009000 pa=0x0000000087f4b000 V R W X U
|       +-- 10: pte=0x0000000087f44050 va=0x000000000000a000 pa=0x0000000087f4c000 V R W X U
|       +-- 11: pte=0x0000000087f44058 va=0x000000000000b000 pa=0x0000000087f4d000 V R W X U
|       +-- 12: pte=0x0000000087f44060 va=0x000000000000c000 pa=0x0000000087f4e000 V R W X U
|       +-- 13: pte=0x0000000087f44068 va=0x000000000000d000 pa=0x0000000087f4f000 V R W X U D
|       +-- 14: pte=0x0000000087f44070 va=0x000000000000e000 pa=0x0000000087f50000 V R W X U
|       +-- 15: pte=0x0000000087f44078 va=0x000000000000f000 pa=0x0000000087f51000 V R W X U P
|       +-- 16: pte=0x0000000087f44080 va=0x0000000000010000 pa=0x0000000087f52000 V R W X U
|       +-- 17: pte=0x0000000087f44088 va=0x0000000000011000 pa=0x0000000087f53000 V R W X U
|       +-- 18: pte=0x0000000087f44090 va=0x0000000000012000 pa=0x0000000087f54000 V R W X U
|       +-- 19: pte=0x0000000087f44098 va=0x0000000000013000 pa=0x0000000087f55000 V R W X U D
|       +-- 20: pte=0x0000000087f440a0 va=0x0000000000014000 pa=0x0000000087f56000 V R W X U
|       +-- 21: pte=0x0000000087f440a8 va=0x0000000000015000 pa=0x0000000087f57000 V R W X U
|       +-- 22: pte=0x0000000087f440b0 va=0x0000000000016000 pa=0x0000000087f58000 V R W X U
|       +-- 23: pte=0x0000000087f440b8 va=0x0000000000017000 pa=0x0000000087f59000 V R W X U
|       +-- 24: pte=0x0000000087f440c0 va=0x0000000000018000 pa=0x0000000087f5a000 V R W X U
|       +-- 25: pte=0x0000000087f440c8 va=0x0000000000019000 pa=0x0000000087f5b000 V R W X U
|       +-- 26: pte=0x0000000087f440d0 va=0x000000000001a000 pa=0x0000000087f72000 V R W X U
|       +-- 27: pte=0x0000000087f440d8 va=0x000000000001b000 pa=0x0000000087f67000 V R W X U
|       +-- 28: pte=0x0000000087f440e0 va=0x000000000001c000 pa=0x0000000087f71000 V R W X U
|       +-- 29: pte=0x0000000087f440e8 va=0x000000000001d000 pa=0x0000000087f41000 V R W X U
|       +-- 30: pte=0x0000000087f440f0 va=0x000000000001e000 pa=0x0000000087f40000 V R W X U
|       +-- 31: pte=0x0000000087f440f8 va=0x000000000001f000 pa=0x0000000087f3f000 V R W X U
|       +-- 32: pte=0x0000000087f44100 va=0x0000000000020000 pa=0x0000000087f3e000 V R W X U
|       +-- 33: pte=0x0000000087f44108 va=0x0000000000021000 pa=0x0000000087f3d000 V R W X U D
|       +-- 34: pte=0x0000000087f44110 va=0x0000000000022000 pa=0x0000000087f3c000 V R W X U
|       +-- 35: pte=0x0000000087f44118 va=0x0000000000023000 pa=0x0000000087f3b000 V R W X U
+-- 255: pte=0x0000000087f497f8 va=0x0000003fc0000000 pa=0x0000000087f48000 V
    +-- 511: pte=0x0000000087f48ff8 va=0x0000003fffe00000 pa=0x0000000087f47000 V
        +-- 510: pte=0x0000000087f47ff0 va=0x0000003fffffe000 pa=0x0000000087f65000 V R W D
        +-- 511: pte=0x0000000087f47ff8 va=0x0000003ffffff000 pa=0x0000000080007000 V R X
page table 0x0000000087f49000
+-- 0: pte=0x0000000087f49000 va=0x0000000000000000 pa=0x0000000087f45000 V
|   +-- 0: pte=0x0000000087f45000 va=0x0000000000000000 pa=0x0000000087f44000 V
|       +-- 0: pte=0x0000000087f44000 va=0x0000000000000000 pa=0x0000000087f46000 V R W X U D
|       +-- 1: pte=0x0000000087f44008 va=0x0000000000001000 pa=0x0000000087f43000 V R W X
|       +-- 2: pte=0x0000000087f44010 va=0x0000000000002000 pa=0x0000000087f42000 V R W X U D
|       +-- 3: pte=0x0000000087f44018 va=0x0000000000003000 pa=0x0000000087f4a000 V R W X U D
|       +-- 4: pte=0x0000000087f44020 va=0x0000000000004000 pa=0x0000000087f76000 V R W X U
|       +-- 5: pte=0x0000000087f44028 va=0x0000000000005000 pa=0x0000000087f75000 V R W X U
|       +-- 6: pte=0x0000000087f44030 va=0x0000000000006000 blockno=0x0000000000000370 R W X U S
|       +-- 7: pte=0x0000000087f44038 va=0x0000000000007000 pa=0x0000000087f73000 V R W X U
|       +-- 8: pte=0x0000000087f44040 va=0x0000000000008000 pa=0x0000000087f66000 V R W X U
|       +-- 9: pte=0x0000000087f44048 va=0x0000000000009000 pa=0x0000000087f4b000 V R W X U
|       +-- 10: pte=0x0000000087f44050 va=0x000000000000a000 pa=0x0000000087f4c000 V R W X U
|       +-- 11: pte=0x0000000087f44058 va=0x000000000000b000 pa=0x0000000087f4d000 V R W X U
|       +-- 12: pte=0x0000000087f44060 va=0x000000000000c000 pa=0x0000000087f4e000 V R W X U
|       +-- 13: pte=0x0000000087f44068 va=0x000000000000d000 pa=0x0000000087f4f000 V R W X U D
|       +-- 14: pte=0x0000000087f44070 va=0x000000000000e000 pa=0x0000000087f50000 V R W X U
|       +-- 15: pte=0x0000000087f44078 va=0x000000000000f000 pa=0x0000000087f51000 V R W X U P
|       +-- 16: pte=0x0000000087f44080 va=0x0000000000010000 pa=0x0000000087f52000 V R W X U
|       +-- 17: pte=0x0000000087f44088 va=0x0000000000011000 pa=0x0000000087f53000 V R W X U
|       +-- 18: pte=0x0000000087f44090 va=0x0000000000012000 pa=0x0000000087f54000 V R W X U
|       +-- 19: pte=0x0000000087f44098 va=0x0000000000013000 pa=0x0000000087f55000 V R W X U D
|       +-- 20: pte=0x0000000087f440a0 va=0x0000000000014000 pa=0x0000000087f56000 V R W X U
|       +-- 21: pte=0x0000000087f440a8 va=0x0000000000015000 pa=0x0000000087f57000 V R W X U
|       +-- 22: pte=0x0000000087f440b0 va=0x0000000000016000 pa=0x0000000087f58000 V R W X U
|       +-- 23: pte=0x0000000087f440b8 va=0x0000000000017000 pa=0x0000000087f59000 V R W X U
|       +-- 24: pte=0x0000000087f440c0 va=0x0000000000018000 pa=0x0000000087f5a000 V R W X U
|       +-- 25: pte=0x0000000087f440c8 va=0x0000000000019000 pa=0x0000000087f5b000 V R W X U
|       +-- 26: pte=0x0000000087f440d0 va=0x000000000001a000 pa=0x0000000087f72000 V R W X U
|       +-- 27: pte=0x0000000087f440d8 va=0x000000000001b000 pa=0x0000000087f67000 V R W X U
|       +-- 28: pte=0x0000000087f440e0 va=0x000000000001c000 pa=0x0000000087f71000 V R W X U
|       +-- 29: pte=0x0000000087f440e8 va=0x000000000001d000 pa=0x0000000087f41000 V R W X U
|       +-- 30: pte=0x0000000087f440f0 va=0x000000000001e000 pa=0x0000000087f40000 V R W X U
|       +-- 31: pte=0x0000000087f440f8 va=0x000000000001f000 pa=0x0000000087f3f000 V R W X U
|       +-- 32: pte=0x0000000087f44100 va=0x0000000000020000 pa=0x0000000087f3e000 V R W X U
|       +-- 33: pte=0x0000000087f44108 va=0x0000000000021000 pa=0x0000000087f3d000 V R W X U D
|       +-- 34: pte=0x0000000087f44110 va=0x0000000000022000 pa=0x0000000087f3c000 V R W X U
|       +-- 35: pte=0x0000000087f44118 va=0x0000000000023000 pa=0x0000000087f3b000 V R W X U
+-- 255: pte=0x0000000087f497f8 va=0x0000003fc0000000 pa=0x0000000087f48000 V
    +-- 511: pte=0x0000000087f48ff8 va=0x0000003fffe00000 pa=0x0000000087f47000 V
        +-- 510: pte=0x0000000087f47ff0 va=0x0000003fffffe000 pa=0x0000000087f65000 V R W D
        +-- 511: pte=0x0000000087f47ff8 va=0x0000003ffffff000 pa=0x0000000080007000 V R X
Page replacement buffers
------Start------------
pte: 0x0000000087f44078
pte: 0x0000000087f440f8
pte: 0x0000000087f44100
pte: 0x0000000087f44108
pte: 0x0000000087f44110
pte: 0x0000000087f44118
pte: 0x0000000087f44068
------End--------------
After madvise(MADV_PIN) 16
page table 0x0000000087f49000
+-- 0: pte=0x0000000087f49000 va=0x0000000000000000 pa=0x0000000087f45000 V
|   +-- 0: pte=0x0000000087f45000 va=0x0000000000000000 pa=0x0000000087f44000 V
|       +-- 0: pte=0x0000000087f44000 va=0x0000000000000000 pa=0x0000000087f46000 V R W X U D
|       +-- 1: pte=0x0000000087f44008 va=0x0000000000001000 pa=0x0000000087f43000 V R W X
|       +-- 2: pte=0x0000000087f44010 va=0x0000000000002000 pa=0x0000000087f42000 V R W X U D
|       +-- 3: pte=0x0000000087f44018 va=0x0000000000003000 pa=0x0000000087f4a000 V R W X U D
|       +-- 4: pte=0x0000000087f44020 va=0x0000000000004000 pa=0x0000000087f76000 V R W X U
|       +-- 5: pte=0x0000000087f44028 va=0x0000000000005000 pa=0x0000000087f75000 V R W X U
|       +-- 6: pte=0x0000000087f44030 va=0x0000000000006000 blockno=0x0000000000000370 R W X U S
|       +-- 7: pte=0x0000000087f44038 va=0x0000000000007000 pa=0x0000000087f73000 V R W X U
|       +-- 8: pte=0x0000000087f44040 va=0x0000000000008000 pa=0x0000000087f66000 V R W X U
|       +-- 9: pte=0x0000000087f44048 va=0x0000000000009000 pa=0x0000000087f4b000 V R W X U
|       +-- 10: pte=0x0000000087f44050 va=0x000000000000a000 pa=0x0000000087f4c000 V R W X U
|       +-- 11: pte=0x0000000087f44058 va=0x000000000000b000 pa=0x0000000087f4d000 V R W X U
|       +-- 12: pte=0x0000000087f44060 va=0x000000000000c000 pa=0x0000000087f4e000 V R W X U
|       +-- 13: pte=0x0000000087f44068 va=0x000000000000d000 pa=0x0000000087f4f000 V R W X U D
|       +-- 14: pte=0x0000000087f44070 va=0x000000000000e000 pa=0x0000000087f50000 V R W X U
|       +-- 15: pte=0x0000000087f44078 va=0x000000000000f000 pa=0x0000000087f51000 V R W X U P
|       +-- 16: pte=0x0000000087f44080 va=0x0000000000010000 pa=0x0000000087f52000 V R W X U P
|       +-- 17: pte=0x0000000087f44088 va=0x0000000000011000 pa=0x0000000087f53000 V R W X U
|       +-- 18: pte=0x0000000087f44090 va=0x0000000000012000 pa=0x0000000087f54000 V R W X U
|       +-- 19: pte=0x0000000087f44098 va=0x0000000000013000 pa=0x0000000087f55000 V R W X U D
|       +-- 20: pte=0x0000000087f440a0 va=0x0000000000014000 pa=0x0000000087f56000 V R W X U
|       +-- 21: pte=0x0000000087f440a8 va=0x0000000000015000 pa=0x0000000087f57000 V R W X U
|       +-- 22: pte=0x0000000087f440b0 va=0x0000000000016000 pa=0x0000000087f58000 V R W X U
|       +-- 23: pte=0x0000000087f440b8 va=0x0000000000017000 pa=0x0000000087f59000 V R W X U
|       +-- 24: pte=0x0000000087f440c0 va=0x0000000000018000 pa=0x0000000087f5a000 V R W X U
|       +-- 25: pte=0x0000000087f440c8 va=0x0000000000019000 pa=0x0000000087f5b000 V R W X U
|       +-- 26: pte=0x0000000087f440d0 va=0x000000000001a000 pa=0x0000000087f72000 V R W X U
|       +-- 27: pte=0x0000000087f440d8 va=0x000000000001b000 pa=0x0000000087f67000 V R W X U
|       +-- 28: pte=0x0000000087f440e0 va=0x000000000001c000 pa=0x0000000087f71000 V R W X U
|       +-- 29: pte=0x0000000087f440e8 va=0x000000000001d000 pa=0x0000000087f41000 V R W X U
|       +-- 30: pte=0x0000000087f440f0 va=0x000000000001e000 pa=0x0000000087f40000 V R W X U
|       +-- 31: pte=0x0000000087f440f8 va=0x000000000001f000 pa=0x0000000087f3f000 V R W X U
|       +-- 32: pte=0x0000000087f44100 va=0x0000000000020000 pa=0x0000000087f3e000 V R W X U
|       +-- 33: pte=0x0000000087f44108 va=0x0000000000021000 pa=0x0000000087f3d000 V R W X U D
|       +-- 34: pte=0x0000000087f44110 va=0x0000000000022000 pa=0x0000000087f3c000 V R W X U
|       +-- 35: pte=0x0000000087f44118 va=0x0000000000023000 pa=0x0000000087f3b000 V R W X U
+-- 255: pte=0x0000000087f497f8 va=0x0000003fc0000000 pa=0x0000000087f48000 V
    +-- 511: pte=0x0000000087f48ff8 va=0x0000003fffe00000 pa=0x0000000087f47000 V
        +-- 510: pte=0x0000000087f47ff0 va=0x0000003fffffe000 pa=0x0000000087f65000 V R W D
        +-- 511: pte=0x0000000087f47ff8 va=0x0000003ffffff000 pa=0x0000000080007000 V R X
Page replacement buffers
------Start------------
pte: 0x0000000087f44078
pte: 0x0000000087f440f8
pte: 0x0000000087f44100
pte: 0x0000000087f44108
pte: 0x0000000087f44110
pte: 0x0000000087f44118
pte: 0x0000000087f44068
pte: 0x0000000087f44080
------End--------------
After madvise(MADV_PIN) 15
page table 0x0000000087f49000
+-- 0: pte=0x0000000087f49000 va=0x0000000000000000 pa=0x0000000087f45000 V
|   +-- 0: pte=0x0000000087f45000 va=0x0000000000000000 pa=0x0000000087f44000 V
|       +-- 0: pte=0x0000000087f44000 va=0x0000000000000000 pa=0x0000000087f46000 V R W X U D
|       +-- 1: pte=0x0000000087f44008 va=0x0000000000001000 pa=0x0000000087f43000 V R W X
|       +-- 2: pte=0x0000000087f44010 va=0x0000000000002000 pa=0x0000000087f42000 V R W X U D
|       +-- 3: pte=0x0000000087f44018 va=0x0000000000003000 pa=0x0000000087f4a000 V R W X U D
|       +-- 4: pte=0x0000000087f44020 va=0x0000000000004000 pa=0x0000000087f76000 V R W X U
|       +-- 5: pte=0x0000000087f44028 va=0x0000000000005000 pa=0x0000000087f75000 V R W X U
|       +-- 6: pte=0x0000000087f44030 va=0x0000000000006000 blockno=0x0000000000000370 R W X U S
|       +-- 7: pte=0x0000000087f44038 va=0x0000000000007000 pa=0x0000000087f73000 V R W X U
|       +-- 8: pte=0x0000000087f44040 va=0x0000000000008000 pa=0x0000000087f66000 V R W X U
|       +-- 9: pte=0x0000000087f44048 va=0x0000000000009000 pa=0x0000000087f4b000 V R W X U
|       +-- 10: pte=0x0000000087f44050 va=0x000000000000a000 pa=0x0000000087f4c000 V R W X U
|       +-- 11: pte=0x0000000087f44058 va=0x000000000000b000 pa=0x0000000087f4d000 V R W X U
|       +-- 12: pte=0x0000000087f44060 va=0x000000000000c000 pa=0x0000000087f4e000 V R W X U
|       +-- 13: pte=0x0000000087f44068 va=0x000000000000d000 pa=0x0000000087f4f000 V R W X U D
|       +-- 14: pte=0x0000000087f44070 va=0x000000000000e000 pa=0x0000000087f50000 V R W X U
|       +-- 15: pte=0x0000000087f44078 va=0x000000000000f000 pa=0x0000000087f51000 V R W X U P
|       +-- 16: pte=0x0000000087f44080 va=0x0000000000010000 pa=0x0000000087f52000 V R W X U P
|       +-- 17: pte=0x0000000087f44088 va=0x0000000000011000 pa=0x0000000087f53000 V R W X U
|       +-- 18: pte=0x0000000087f44090 va=0x0000000000012000 pa=0x0000000087f54000 V R W X U
|       +-- 19: pte=0x0000000087f44098 va=0x0000000000013000 pa=0x0000000087f55000 V R W X U D
|       +-- 20: pte=0x0000000087f440a0 va=0x0000000000014000 pa=0x0000000087f56000 V R W X U
|       +-- 21: pte=0x0000000087f440a8 va=0x0000000000015000 pa=0x0000000087f57000 V R W X U
|       +-- 22: pte=0x0000000087f440b0 va=0x0000000000016000 pa=0x0000000087f58000 V R W X U
|       +-- 23: pte=0x0000000087f440b8 va=0x0000000000017000 pa=0x0000000087f59000 V R W X U
|       +-- 24: pte=0x0000000087f440c0 va=0x0000000000018000 pa=0x0000000087f5a000 V R W X U
|       +-- 25: pte=0x0000000087f440c8 va=0x0000000000019000 pa=0x0000000087f5b000 V R W X U
|       +-- 26: pte=0x0000000087f440d0 va=0x000000000001a000 pa=0x0000000087f72000 V R W X U
|       +-- 27: pte=0x0000000087f440d8 va=0x000000000001b000 pa=0x0000000087f67000 V R W X U
|       +-- 28: pte=0x0000000087f440e0 va=0x000000000001c000 pa=0x0000000087f71000 V R W X U
|       +-- 29: pte=0x0000000087f440e8 va=0x000000000001d000 pa=0x0000000087f41000 V R W X U
|       +-- 30: pte=0x0000000087f440f0 va=0x000000000001e000 pa=0x0000000087f40000 V R W X U
|       +-- 31: pte=0x0000000087f440f8 va=0x000000000001f000 pa=0x0000000087f3f000 V R W X U
|       +-- 32: pte=0x0000000087f44100 va=0x0000000000020000 pa=0x0000000087f3e000 V R W X U
|       +-- 33: pte=0x0000000087f44108 va=0x0000000000021000 pa=0x0000000087f3d000 V R W X U D
|       +-- 34: pte=0x0000000087f44110 va=0x0000000000022000 pa=0x0000000087f3c000 V R W X U
|       +-- 35: pte=0x0000000087f44118 va=0x0000000000023000 pa=0x0000000087f3b000 V R W X U
+-- 255: pte=0x0000000087f497f8 va=0x0000003fc0000000 pa=0x0000000087f48000 V
    +-- 511: pte=0x0000000087f48ff8 va=0x0000003fffe00000 pa=0x0000000087f47000 V
        +-- 510: pte=0x0000000087f47ff0 va=0x0000003fffffe000 pa=0x0000000087f65000 V R W D
        +-- 511: pte=0x0000000087f47ff8 va=0x0000003ffffff000 pa=0x0000000080007000 V R X
Page replacement buffers
------Start------------
pte: 0x0000000087f44078
pte: 0x0000000087f440f8
pte: 0x0000000087f44100
pte: 0x0000000087f44108
pte: 0x0000000087f44110
pte: 0x0000000087f44118
pte: 0x0000000087f44068
pte: 0x0000000087f44080
------End--------------
After madvise(MADV_PIN) 14
page table 0x0000000087f49000
+-- 0: pte=0x0000000087f49000 va=0x0000000000000000 pa=0x0000000087f45000 V
|   +-- 0: pte=0x0000000087f45000 va=0x0000000000000000 pa=0x0000000087f44000 V
|       +-- 0: pte=0x0000000087f44000 va=0x0000000000000000 pa=0x0000000087f46000 V R W X U D
|       +-- 1: pte=0x0000000087f44008 va=0x0000000000001000 pa=0x0000000087f43000 V R W X
|       +-- 2: pte=0x0000000087f44010 va=0x0000000000002000 pa=0x0000000087f42000 V R W X U D
|       +-- 3: pte=0x0000000087f44018 va=0x0000000000003000 pa=0x0000000087f4a000 V R W X U D
|       +-- 4: pte=0x0000000087f44020 va=0x0000000000004000 pa=0x0000000087f76000 V R W X U
|       +-- 5: pte=0x0000000087f44028 va=0x0000000000005000 pa=0x0000000087f75000 V R W X U
|       +-- 6: pte=0x0000000087f44030 va=0x0000000000006000 blockno=0x0000000000000370 R W X U S
|       +-- 7: pte=0x0000000087f44038 va=0x0000000000007000 pa=0x0000000087f73000 V R W X U
|       +-- 8: pte=0x0000000087f44040 va=0x0000000000008000 pa=0x0000000087f66000 V R W X U
|       +-- 9: pte=0x0000000087f44048 va=0x0000000000009000 pa=0x0000000087f4b000 V R W X U
|       +-- 10: pte=0x0000000087f44050 va=0x000000000000a000 pa=0x0000000087f4c000 V R W X U
|       +-- 11: pte=0x0000000087f44058 va=0x000000000000b000 pa=0x0000000087f4d000 V R W X U
|       +-- 12: pte=0x0000000087f44060 va=0x000000000000c000 pa=0x0000000087f4e000 V R W X U
|       +-- 13: pte=0x0000000087f44068 va=0x000000000000d000 pa=0x0000000087f4f000 V R W X U D
|       +-- 14: pte=0x0000000087f44070 va=0x000000000000e000 pa=0x0000000087f50000 V R W X U P
|       +-- 15: pte=0x0000000087f44078 va=0x000000000000f000 pa=0x0000000087f51000 V R W X U P
|       +-- 16: pte=0x0000000087f44080 va=0x0000000000010000 pa=0x0000000087f52000 V R W X U P
|       +-- 17: pte=0x0000000087f44088 va=0x0000000000011000 pa=0x0000000087f53000 V R W X U
|       +-- 18: pte=0x0000000087f44090 va=0x0000000000012000 pa=0x0000000087f54000 V R W X U
|       +-- 19: pte=0x0000000087f44098 va=0x0000000000013000 pa=0x0000000087f55000 V R W X U D
|       +-- 20: pte=0x0000000087f440a0 va=0x0000000000014000 pa=0x0000000087f56000 V R W X U
|       +-- 21: pte=0x0000000087f440a8 va=0x0000000000015000 pa=0x0000000087f57000 V R W X U
|       +-- 22: pte=0x0000000087f440b0 va=0x0000000000016000 pa=0x0000000087f58000 V R W X U
|       +-- 23: pte=0x0000000087f440b8 va=0x0000000000017000 pa=0x0000000087f59000 V R W X U
|       +-- 24: pte=0x0000000087f440c0 va=0x0000000000018000 pa=0x0000000087f5a000 V R W X U
|       +-- 25: pte=0x0000000087f440c8 va=0x0000000000019000 pa=0x0000000087f5b000 V R W X U
|       +-- 26: pte=0x0000000087f440d0 va=0x000000000001a000 pa=0x0000000087f72000 V R W X U
|       +-- 27: pte=0x0000000087f440d8 va=0x000000000001b000 pa=0x0000000087f67000 V R W X U
|       +-- 28: pte=0x0000000087f440e0 va=0x000000000001c000 pa=0x0000000087f71000 V R W X U
|       +-- 29: pte=0x0000000087f440e8 va=0x000000000001d000 pa=0x0000000087f41000 V R W X U
|       +-- 30: pte=0x0000000087f440f0 va=0x000000000001e000 pa=0x0000000087f40000 V R W X U
|       +-- 31: pte=0x0000000087f440f8 va=0x000000000001f000 pa=0x0000000087f3f000 V R W X U
|       +-- 32: pte=0x0000000087f44100 va=0x0000000000020000 pa=0x0000000087f3e000 V R W X U
|       +-- 33: pte=0x0000000087f44108 va=0x0000000000021000 pa=0x0000000087f3d000 V R W X U D
|       +-- 34: pte=0x0000000087f44110 va=0x0000000000022000 pa=0x0000000087f3c000 V R W X U
|       +-- 35: pte=0x0000000087f44118 va=0x0000000000023000 pa=0x0000000087f3b000 V R W X U
+-- 255: pte=0x0000000087f497f8 va=0x0000003fc0000000 pa=0x0000000087f48000 V
    +-- 511: pte=0x0000000087f48ff8 va=0x0000003fffe00000 pa=0x0000000087f47000 V
        +-- 510: pte=0x0000000087f47ff0 va=0x0000003fffffe000 pa=0x0000000087f65000 V R W D
        +-- 511: pte=0x0000000087f47ff8 va=0x0000003ffffff000 pa=0x0000000080007000 V R X
Page replacement buffers
------Start------------
pte: 0x0000000087f44078
pte: 0x0000000087f44100
pte: 0x0000000087f44108
pte: 0x0000000087f44110
pte: 0x0000000087f44118
pte: 0x0000000087f44068
pte: 0x0000000087f44080
pte: 0x0000000087f44070
------End--------------
After madvise(MADV_PIN) 13
page table 0x0000000087f49000
+-- 0: pte=0x0000000087f49000 va=0x0000000000000000 pa=0x0000000087f45000 V
|   +-- 0: pte=0x0000000087f45000 va=0x0000000000000000 pa=0x0000000087f44000 V
|       +-- 0: pte=0x0000000087f44000 va=0x0000000000000000 pa=0x0000000087f46000 V R W X U D
|       +-- 1: pte=0x0000000087f44008 va=0x0000000000001000 pa=0x0000000087f43000 V R W X
|       +-- 2: pte=0x0000000087f44010 va=0x0000000000002000 pa=0x0000000087f42000 V R W X U D
|       +-- 3: pte=0x0000000087f44018 va=0x0000000000003000 pa=0x0000000087f4a000 V R W X U D
|       +-- 4: pte=0x0000000087f44020 va=0x0000000000004000 pa=0x0000000087f76000 V R W X U
|       +-- 5: pte=0x0000000087f44028 va=0x0000000000005000 pa=0x0000000087f75000 V R W X U
|       +-- 6: pte=0x0000000087f44030 va=0x0000000000006000 blockno=0x0000000000000370 R W X U S
|       +-- 7: pte=0x0000000087f44038 va=0x0000000000007000 pa=0x0000000087f73000 V R W X U
|       +-- 8: pte=0x0000000087f44040 va=0x0000000000008000 pa=0x0000000087f66000 V R W X U
|       +-- 9: pte=0x0000000087f44048 va=0x0000000000009000 pa=0x0000000087f4b000 V R W X U
|       +-- 10: pte=0x0000000087f44050 va=0x000000000000a000 pa=0x0000000087f4c000 V R W X U
|       +-- 11: pte=0x0000000087f44058 va=0x000000000000b000 pa=0x0000000087f4d000 V R W X U
|       +-- 12: pte=0x0000000087f44060 va=0x000000000000c000 pa=0x0000000087f4e000 V R W X U
|       +-- 13: pte=0x0000000087f44068 va=0x000000000000d000 pa=0x0000000087f4f000 V R W X U D P
|       +-- 14: pte=0x0000000087f44070 va=0x000000000000e000 pa=0x0000000087f50000 V R W X U P
|       +-- 15: pte=0x0000000087f44078 va=0x000000000000f000 pa=0x0000000087f51000 V R W X U P
|       +-- 16: pte=0x0000000087f44080 va=0x0000000000010000 pa=0x0000000087f52000 V R W X U P
|       +-- 17: pte=0x0000000087f44088 va=0x0000000000011000 pa=0x0000000087f53000 V R W X U
|       +-- 18: pte=0x0000000087f44090 va=0x0000000000012000 pa=0x0000000087f54000 V R W X U
|       +-- 19: pte=0x0000000087f44098 va=0x0000000000013000 pa=0x0000000087f55000 V R W X U D
|       +-- 20: pte=0x0000000087f440a0 va=0x0000000000014000 pa=0x0000000087f56000 V R W X U
|       +-- 21: pte=0x0000000087f440a8 va=0x0000000000015000 pa=0x0000000087f57000 V R W X U
|       +-- 22: pte=0x0000000087f440b0 va=0x0000000000016000 pa=0x0000000087f58000 V R W X U
|       +-- 23: pte=0x0000000087f440b8 va=0x0000000000017000 pa=0x0000000087f59000 V R W X U
|       +-- 24: pte=0x0000000087f440c0 va=0x0000000000018000 pa=0x0000000087f5a000 V R W X U
|       +-- 25: pte=0x0000000087f440c8 va=0x0000000000019000 pa=0x0000000087f5b000 V R W X U
|       +-- 26: pte=0x0000000087f440d0 va=0x000000000001a000 pa=0x0000000087f72000 V R W X U
|       +-- 27: pte=0x0000000087f440d8 va=0x000000000001b000 pa=0x0000000087f67000 V R W X U
|       +-- 28: pte=0x0000000087f440e0 va=0x000000000001c000 pa=0x0000000087f71000 V R W X U
|       +-- 29: pte=0x0000000087f440e8 va=0x000000000001d000 pa=0x0000000087f41000 V R W X U
|       +-- 30: pte=0x0000000087f440f0 va=0x000000000001e000 pa=0x0000000087f40000 V R W X U
|       +-- 31: pte=0x0000000087f440f8 va=0x000000000001f000 pa=0x0000000087f3f000 V R W X U
|       +-- 32: pte=0x0000000087f44100 va=0x0000000000020000 pa=0x0000000087f3e000 V R W X U
|       +-- 33: pte=0x0000000087f44108 va=0x0000000000021000 pa=0x0000000087f3d000 V R W X U D
|       +-- 34: pte=0x0000000087f44110 va=0x0000000000022000 pa=0x0000000087f3c000 V R W X U
|       +-- 35: pte=0x0000000087f44118 va=0x0000000000023000 pa=0x0000000087f3b000 V R W X U
+-- 255: pte=0x0000000087f497f8 va=0x0000003fc0000000 pa=0x0000000087f48000 V
    +-- 511: pte=0x0000000087f48ff8 va=0x0000003fffe00000 pa=0x0000000087f47000 V
        +-- 510: pte=0x0000000087f47ff0 va=0x0000003fffffe000 pa=0x0000000087f65000 V R W D
        +-- 511: pte=0x0000000087f47ff8 va=0x0000003ffffff000 pa=0x0000000080007000 V R X
Page replacement buffers
------Start------------
pte: 0x0000000087f44078
pte: 0x0000000087f44100
pte: 0x0000000087f44108
pte: 0x0000000087f44110
pte: 0x0000000087f44118
pte: 0x0000000087f44068
pte: 0x0000000087f44080
pte: 0x0000000087f44070
------End--------------
After madvise(MADV_PIN) 12
page table 0x0000000087f49000
+-- 0: pte=0x0000000087f49000 va=0x0000000000000000 pa=0x0000000087f45000 V
|   +-- 0: pte=0x0000000087f45000 va=0x0000000000000000 pa=0x0000000087f44000 V
|       +-- 0: pte=0x0000000087f44000 va=0x0000000000000000 pa=0x0000000087f46000 V R W X U D
|       +-- 1: pte=0x0000000087f44008 va=0x0000000000001000 pa=0x0000000087f43000 V R W X
|       +-- 2: pte=0x0000000087f44010 va=0x0000000000002000 pa=0x0000000087f42000 V R W X U D
|       +-- 3: pte=0x0000000087f44018 va=0x0000000000003000 pa=0x0000000087f4a000 V R W X U D
|       +-- 4: pte=0x0000000087f44020 va=0x0000000000004000 pa=0x0000000087f76000 V R W X U
|       +-- 5: pte=0x0000000087f44028 va=0x0000000000005000 pa=0x0000000087f75000 V R W X U
|       +-- 6: pte=0x0000000087f44030 va=0x0000000000006000 blockno=0x0000000000000370 R W X U S
|       +-- 7: pte=0x0000000087f44038 va=0x0000000000007000 pa=0x0000000087f73000 V R W X U
|       +-- 8: pte=0x0000000087f44040 va=0x0000000000008000 pa=0x0000000087f66000 V R W X U
|       +-- 9: pte=0x0000000087f44048 va=0x0000000000009000 pa=0x0000000087f4b000 V R W X U
|       +-- 10: pte=0x0000000087f44050 va=0x000000000000a000 pa=0x0000000087f4c000 V R W X U
|       +-- 11: pte=0x0000000087f44058 va=0x000000000000b000 pa=0x0000000087f4d000 V R W X U
|       +-- 12: pte=0x0000000087f44060 va=0x000000000000c000 pa=0x0000000087f4e000 V R W X U P
|       +-- 13: pte=0x0000000087f44068 va=0x000000000000d000 pa=0x0000000087f4f000 V R W X U D P
|       +-- 14: pte=0x0000000087f44070 va=0x000000000000e000 pa=0x0000000087f50000 V R W X U P
|       +-- 15: pte=0x0000000087f44078 va=0x000000000000f000 pa=0x0000000087f51000 V R W X U P
|       +-- 16: pte=0x0000000087f44080 va=0x0000000000010000 pa=0x0000000087f52000 V R W X U P
|       +-- 17: pte=0x0000000087f44088 va=0x0000000000011000 pa=0x0000000087f53000 V R W X U
|       +-- 18: pte=0x0000000087f44090 va=0x0000000000012000 pa=0x0000000087f54000 V R W X U
|       +-- 19: pte=0x0000000087f44098 va=0x0000000000013000 pa=0x0000000087f55000 V R W X U D
|       +-- 20: pte=0x0000000087f440a0 va=0x0000000000014000 pa=0x0000000087f56000 V R W X U
|       +-- 21: pte=0x0000000087f440a8 va=0x0000000000015000 pa=0x0000000087f57000 V R W X U
|       +-- 22: pte=0x0000000087f440b0 va=0x0000000000016000 pa=0x0000000087f58000 V R W X U
|       +-- 23: pte=0x0000000087f440b8 va=0x0000000000017000 pa=0x0000000087f59000 V R W X U
|       +-- 24: pte=0x0000000087f440c0 va=0x0000000000018000 pa=0x0000000087f5a000 V R W X U
|       +-- 25: pte=0x0000000087f440c8 va=0x0000000000019000 pa=0x0000000087f5b000 V R W X U
|       +-- 26: pte=0x0000000087f440d0 va=0x000000000001a000 pa=0x0000000087f72000 V R W X U
|       +-- 27: pte=0x0000000087f440d8 va=0x000000000001b000 pa=0x0000000087f67000 V R W X U
|       +-- 28: pte=0x0000000087f440e0 va=0x000000000001c000 pa=0x0000000087f71000 V R W X U
|       +-- 29: pte=0x0000000087f440e8 va=0x000000000001d000 pa=0x0000000087f41000 V R W X U
|       +-- 30: pte=0x0000000087f440f0 va=0x000000000001e000 pa=0x0000000087f40000 V R W X U
|       +-- 31: pte=0x0000000087f440f8 va=0x000000000001f000 pa=0x0000000087f3f000 V R W X U
|       +-- 32: pte=0x0000000087f44100 va=0x0000000000020000 pa=0x0000000087f3e000 V R W X U
|       +-- 33: pte=0x0000000087f44108 va=0x0000000000021000 pa=0x0000000087f3d000 V R W X U D
|       +-- 34: pte=0x0000000087f44110 va=0x0000000000022000 pa=0x0000000087f3c000 V R W X U
|       +-- 35: pte=0x0000000087f44118 va=0x0000000000023000 pa=0x0000000087f3b000 V R W X U
+-- 255: pte=0x0000000087f497f8 va=0x0000003fc0000000 pa=0x0000000087f48000 V
    +-- 511: pte=0x0000000087f48ff8 va=0x0000003fffe00000 pa=0x0000000087f47000 V
        +-- 510: pte=0x0000000087f47ff0 va=0x0000003fffffe000 pa=0x0000000087f65000 V R W D
        +-- 511: pte=0x0000000087f47ff8 va=0x0000003ffffff000 pa=0x0000000080007000 V R X
Page replacement buffers
------Start------------
pte: 0x0000000087f44078
pte: 0x0000000087f44108
pte: 0x0000000087f44110
pte: 0x0000000087f44118
pte: 0x0000000087f44068
pte: 0x0000000087f44080
pte: 0x0000000087f44070
pte: 0x0000000087f44060
------End--------------
After madvise(MADV_PIN) 11
page table 0x0000000087f49000
+-- 0: pte=0x0000000087f49000 va=0x0000000000000000 pa=0x0000000087f45000 V
|   +-- 0: pte=0x0000000087f45000 va=0x0000000000000000 pa=0x0000000087f44000 V
|       +-- 0: pte=0x0000000087f44000 va=0x0000000000000000 pa=0x0000000087f46000 V R W X U D
|       +-- 1: pte=0x0000000087f44008 va=0x0000000000001000 pa=0x0000000087f43000 V R W X
|       +-- 2: pte=0x0000000087f44010 va=0x0000000000002000 pa=0x0000000087f42000 V R W X U D
|       +-- 3: pte=0x0000000087f44018 va=0x0000000000003000 pa=0x0000000087f4a000 V R W X U D
|       +-- 4: pte=0x0000000087f44020 va=0x0000000000004000 pa=0x0000000087f76000 V R W X U
|       +-- 5: pte=0x0000000087f44028 va=0x0000000000005000 pa=0x0000000087f75000 V R W X U
|       +-- 6: pte=0x0000000087f44030 va=0x0000000000006000 blockno=0x0000000000000370 R W X U S
|       +-- 7: pte=0x0000000087f44038 va=0x0000000000007000 pa=0x0000000087f73000 V R W X U
|       +-- 8: pte=0x0000000087f44040 va=0x0000000000008000 pa=0x0000000087f66000 V R W X U
|       +-- 9: pte=0x0000000087f44048 va=0x0000000000009000 pa=0x0000000087f4b000 V R W X U
|       +-- 10: pte=0x0000000087f44050 va=0x000000000000a000 pa=0x0000000087f4c000 V R W X U
|       +-- 11: pte=0x0000000087f44058 va=0x000000000000b000 pa=0x0000000087f4d000 V R W X U P
|       +-- 12: pte=0x0000000087f44060 va=0x000000000000c000 pa=0x0000000087f4e000 V R W X U P
|       +-- 13: pte=0x0000000087f44068 va=0x000000000000d000 pa=0x0000000087f4f000 V R W X U D P
|       +-- 14: pte=0x0000000087f44070 va=0x000000000000e000 pa=0x0000000087f50000 V R W X U P
|       +-- 15: pte=0x0000000087f44078 va=0x000000000000f000 pa=0x0000000087f51000 V R W X U P
|       +-- 16: pte=0x0000000087f44080 va=0x0000000000010000 pa=0x0000000087f52000 V R W X U P
|       +-- 17: pte=0x0000000087f44088 va=0x0000000000011000 pa=0x0000000087f53000 V R W X U
|       +-- 18: pte=0x0000000087f44090 va=0x0000000000012000 pa=0x0000000087f54000 V R W X U
|       +-- 19: pte=0x0000000087f44098 va=0x0000000000013000 pa=0x0000000087f55000 V R W X U D
|       +-- 20: pte=0x0000000087f440a0 va=0x0000000000014000 pa=0x0000000087f56000 V R W X U
|       +-- 21: pte=0x0000000087f440a8 va=0x0000000000015000 pa=0x0000000087f57000 V R W X U
|       +-- 22: pte=0x0000000087f440b0 va=0x0000000000016000 pa=0x0000000087f58000 V R W X U
|       +-- 23: pte=0x0000000087f440b8 va=0x0000000000017000 pa=0x0000000087f59000 V R W X U
|       +-- 24: pte=0x0000000087f440c0 va=0x0000000000018000 pa=0x0000000087f5a000 V R W X U
|       +-- 25: pte=0x0000000087f440c8 va=0x0000000000019000 pa=0x0000000087f5b000 V R W X U
|       +-- 26: pte=0x0000000087f440d0 va=0x000000000001a000 pa=0x0000000087f72000 V R W X U
|       +-- 27: pte=0x0000000087f440d8 va=0x000000000001b000 pa=0x0000000087f67000 V R W X U
|       +-- 28: pte=0x0000000087f440e0 va=0x000000000001c000 pa=0x0000000087f71000 V R W X U
|       +-- 29: pte=0x0000000087f440e8 va=0x000000000001d000 pa=0x0000000087f41000 V R W X U
|       +-- 30: pte=0x0000000087f440f0 va=0x000000000001e000 pa=0x0000000087f40000 V R W X U
|       +-- 31: pte=0x0000000087f440f8 va=0x000000000001f000 pa=0x0000000087f3f000 V R W X U
|       +-- 32: pte=0x0000000087f44100 va=0x0000000000020000 pa=0x0000000087f3e000 V R W X U
|       +-- 33: pte=0x0000000087f44108 va=0x0000000000021000 pa=0x0000000087f3d000 V R W X U D
|       +-- 34: pte=0x0000000087f44110 va=0x0000000000022000 pa=0x0000000087f3c000 V R W X U
|       +-- 35: pte=0x0000000087f44118 va=0x0000000000023000 pa=0x0000000087f3b000 V R W X U
+-- 255: pte=0x0000000087f497f8 va=0x0000003fc0000000 pa=0x0000000087f48000 V
    +-- 511: pte=0x0000000087f48ff8 va=0x0000003fffe00000 pa=0x0000000087f47000 V
        +-- 510: pte=0x0000000087f47ff0 va=0x0000003fffffe000 pa=0x0000000087f65000 V R W D
        +-- 511: pte=0x0000000087f47ff8 va=0x0000003ffffff000 pa=0x0000000080007000 V R X
Page replacement buffers
------Start------------
pte: 0x0000000087f44078
pte: 0x0000000087f44110
pte: 0x0000000087f44118
pte: 0x0000000087f44068
pte: 0x0000000087f44080
pte: 0x0000000087f44070
pte: 0x0000000087f44060
pte: 0x0000000087f44058
------End--------------
After madvise(MADV_PIN) 10
page table 0x0000000087f49000
+-- 0: pte=0x0000000087f49000 va=0x0000000000000000 pa=0x0000000087f45000 V
|   +-- 0: pte=0x0000000087f45000 va=0x0000000000000000 pa=0x0000000087f44000 V
|       +-- 0: pte=0x0000000087f44000 va=0x0000000000000000 pa=0x0000000087f46000 V R W X U D
|       +-- 1: pte=0x0000000087f44008 va=0x0000000000001000 pa=0x0000000087f43000 V R W X
|       +-- 2: pte=0x0000000087f44010 va=0x0000000000002000 pa=0x0000000087f42000 V R W X U D
|       +-- 3: pte=0x0000000087f44018 va=0x0000000000003000 pa=0x0000000087f4a000 V R W X U D
|       +-- 4: pte=0x0000000087f44020 va=0x0000000000004000 pa=0x0000000087f76000 V R W X U
|       +-- 5: pte=0x0000000087f44028 va=0x0000000000005000 pa=0x0000000087f75000 V R W X U
|       +-- 6: pte=0x0000000087f44030 va=0x0000000000006000 blockno=0x0000000000000370 R W X U S
|       +-- 7: pte=0x0000000087f44038 va=0x0000000000007000 pa=0x0000000087f73000 V R W X U
|       +-- 8: pte=0x0000000087f44040 va=0x0000000000008000 pa=0x0000000087f66000 V R W X U
|       +-- 9: pte=0x0000000087f44048 va=0x0000000000009000 pa=0x0000000087f4b000 V R W X U
|       +-- 10: pte=0x0000000087f44050 va=0x000000000000a000 pa=0x0000000087f4c000 V R W X U P
|       +-- 11: pte=0x0000000087f44058 va=0x000000000000b000 pa=0x0000000087f4d000 V R W X U P
|       +-- 12: pte=0x0000000087f44060 va=0x000000000000c000 pa=0x0000000087f4e000 V R W X U P
|       +-- 13: pte=0x0000000087f44068 va=0x000000000000d000 pa=0x0000000087f4f000 V R W X U D P
|       +-- 14: pte=0x0000000087f44070 va=0x000000000000e000 pa=0x0000000087f50000 V R W X U P
|       +-- 15: pte=0x0000000087f44078 va=0x000000000000f000 pa=0x0000000087f51000 V R W X U P
|       +-- 16: pte=0x0000000087f44080 va=0x0000000000010000 pa=0x0000000087f52000 V R W X U P
|       +-- 17: pte=0x0000000087f44088 va=0x0000000000011000 pa=0x0000000087f53000 V R W X U
|       +-- 18: pte=0x0000000087f44090 va=0x0000000000012000 pa=0x0000000087f54000 V R W X U
|       +-- 19: pte=0x0000000087f44098 va=0x0000000000013000 pa=0x0000000087f55000 V R W X U D
|       +-- 20: pte=0x0000000087f440a0 va=0x0000000000014000 pa=0x0000000087f56000 V R W X U
|       +-- 21: pte=0x0000000087f440a8 va=0x0000000000015000 pa=0x0000000087f57000 V R W X U
|       +-- 22: pte=0x0000000087f440b0 va=0x0000000000016000 pa=0x0000000087f58000 V R W X U
|       +-- 23: pte=0x0000000087f440b8 va=0x0000000000017000 pa=0x0000000087f59000 V R W X U
|       +-- 24: pte=0x0000000087f440c0 va=0x0000000000018000 pa=0x0000000087f5a000 V R W X U
|       +-- 25: pte=0x0000000087f440c8 va=0x0000000000019000 pa=0x0000000087f5b000 V R W X U
|       +-- 26: pte=0x0000000087f440d0 va=0x000000000001a000 pa=0x0000000087f72000 V R W X U
|       +-- 27: pte=0x0000000087f440d8 va=0x000000000001b000 pa=0x0000000087f67000 V R W X U
|       +-- 28: pte=0x0000000087f440e0 va=0x000000000001c000 pa=0x0000000087f71000 V R W X U
|       +-- 29: pte=0x0000000087f440e8 va=0x000000000001d000 pa=0x0000000087f41000 V R W X U
|       +-- 30: pte=0x0000000087f440f0 va=0x000000000001e000 pa=0x0000000087f40000 V R W X U
|       +-- 31: pte=0x0000000087f440f8 va=0x000000000001f000 pa=0x0000000087f3f000 V R W X U
|       +-- 32: pte=0x0000000087f44100 va=0x0000000000020000 pa=0x0000000087f3e000 V R W X U
|       +-- 33: pte=0x0000000087f44108 va=0x0000000000021000 pa=0x0000000087f3d000 V R W X U D
|       +-- 34: pte=0x0000000087f44110 va=0x0000000000022000 pa=0x0000000087f3c000 V R W X U
|       +-- 35: pte=0x0000000087f44118 va=0x0000000000023000 pa=0x0000000087f3b000 V R W X U
+-- 255: pte=0x0000000087f497f8 va=0x0000003fc0000000 pa=0x0000000087f48000 V
    +-- 511: pte=0x0000000087f48ff8 va=0x0000003fffe00000 pa=0x0000000087f47000 V
        +-- 510: pte=0x0000000087f47ff0 va=0x0000003fffffe000 pa=0x0000000087f65000 V R W D
        +-- 511: pte=0x0000000087f47ff8 va=0x0000003ffffff000 pa=0x0000000080007000 V R X
Page replacement buffers
------Start------------
pte: 0x0000000087f44078
pte: 0x0000000087f44118
pte: 0x0000000087f44068
pte: 0x0000000087f44080
pte: 0x0000000087f44070
pte: 0x0000000087f44060
pte: 0x0000000087f44058
pte: 0x0000000087f44050
------End--------------
After madvise(MADV_PIN) 9
page table 0x0000000087f49000
+-- 0: pte=0x0000000087f49000 va=0x0000000000000000 pa=0x0000000087f45000 V
|   +-- 0: pte=0x0000000087f45000 va=0x0000000000000000 pa=0x0000000087f44000 V
|       +-- 0: pte=0x0000000087f44000 va=0x0000000000000000 pa=0x0000000087f46000 V R W X U D
|       +-- 1: pte=0x0000000087f44008 va=0x0000000000001000 pa=0x0000000087f43000 V R W X
|       +-- 2: pte=0x0000000087f44010 va=0x0000000000002000 pa=0x0000000087f42000 V R W X U D
|       +-- 3: pte=0x0000000087f44018 va=0x0000000000003000 pa=0x0000000087f4a000 V R W X U D
|       +-- 4: pte=0x0000000087f44020 va=0x0000000000004000 pa=0x0000000087f76000 V R W X U
|       +-- 5: pte=0x0000000087f44028 va=0x0000000000005000 pa=0x0000000087f75000 V R W X U
|       +-- 6: pte=0x0000000087f44030 va=0x0000000000006000 blockno=0x0000000000000370 R W X U S
|       +-- 7: pte=0x0000000087f44038 va=0x0000000000007000 pa=0x0000000087f73000 V R W X U
|       +-- 8: pte=0x0000000087f44040 va=0x0000000000008000 pa=0x0000000087f66000 V R W X U
|       +-- 9: pte=0x0000000087f44048 va=0x0000000000009000 pa=0x0000000087f4b000 V R W X U P
|       +-- 10: pte=0x0000000087f44050 va=0x000000000000a000 pa=0x0000000087f4c000 V R W X U P
|       +-- 11: pte=0x0000000087f44058 va=0x000000000000b000 pa=0x0000000087f4d000 V R W X U P
|       +-- 12: pte=0x0000000087f44060 va=0x000000000000c000 pa=0x0000000087f4e000 V R W X U P
|       +-- 13: pte=0x0000000087f44068 va=0x000000000000d000 pa=0x0000000087f4f000 V R W X U D P
|       +-- 14: pte=0x0000000087f44070 va=0x000000000000e000 pa=0x0000000087f50000 V R W X U P
|       +-- 15: pte=0x0000000087f44078 va=0x000000000000f000 pa=0x0000000087f51000 V R W X U P
|       +-- 16: pte=0x0000000087f44080 va=0x0000000000010000 pa=0x0000000087f52000 V R W X U P
|       +-- 17: pte=0x0000000087f44088 va=0x0000000000011000 pa=0x0000000087f53000 V R W X U
|       +-- 18: pte=0x0000000087f44090 va=0x0000000000012000 pa=0x0000000087f54000 V R W X U
|       +-- 19: pte=0x0000000087f44098 va=0x0000000000013000 pa=0x0000000087f55000 V R W X U D
|       +-- 20: pte=0x0000000087f440a0 va=0x0000000000014000 pa=0x0000000087f56000 V R W X U
|       +-- 21: pte=0x0000000087f440a8 va=0x0000000000015000 pa=0x0000000087f57000 V R W X U
|       +-- 22: pte=0x0000000087f440b0 va=0x0000000000016000 pa=0x0000000087f58000 V R W X U
|       +-- 23: pte=0x0000000087f440b8 va=0x0000000000017000 pa=0x0000000087f59000 V R W X U
|       +-- 24: pte=0x0000000087f440c0 va=0x0000000000018000 pa=0x0000000087f5a000 V R W X U
|       +-- 25: pte=0x0000000087f440c8 va=0x0000000000019000 pa=0x0000000087f5b000 V R W X U
|       +-- 26: pte=0x0000000087f440d0 va=0x000000000001a000 pa=0x0000000087f72000 V R W X U
|       +-- 27: pte=0x0000000087f440d8 va=0x000000000001b000 pa=0x0000000087f67000 V R W X U
|       +-- 28: pte=0x0000000087f440e0 va=0x000000000001c000 pa=0x0000000087f71000 V R W X U
|       +-- 29: pte=0x0000000087f440e8 va=0x000000000001d000 pa=0x0000000087f41000 V R W X U
|       +-- 30: pte=0x0000000087f440f0 va=0x000000000001e000 pa=0x0000000087f40000 V R W X U
|       +-- 31: pte=0x0000000087f440f8 va=0x000000000001f000 pa=0x0000000087f3f000 V R W X U
|       +-- 32: pte=0x0000000087f44100 va=0x0000000000020000 pa=0x0000000087f3e000 V R W X U
|       +-- 33: pte=0x0000000087f44108 va=0x0000000000021000 pa=0x0000000087f3d000 V R W X U D
|       +-- 34: pte=0x0000000087f44110 va=0x0000000000022000 pa=0x0000000087f3c000 V R W X U
|       +-- 35: pte=0x0000000087f44118 va=0x0000000000023000 pa=0x0000000087f3b000 V R W X U
+-- 255: pte=0x0000000087f497f8 va=0x0000003fc0000000 pa=0x0000000087f48000 V
    +-- 511: pte=0x0000000087f48ff8 va=0x0000003fffe00000 pa=0x0000000087f47000 V
        +-- 510: pte=0x0000000087f47ff0 va=0x0000003fffffe000 pa=0x0000000087f65000 V R W D
        +-- 511: pte=0x0000000087f47ff8 va=0x0000003ffffff000 pa=0x0000000080007000 V R X
Page replacement buffers
------Start------------
pte: 0x0000000087f44078
pte: 0x0000000087f44068
pte: 0x0000000087f44080
pte: 0x0000000087f44070
pte: 0x0000000087f44060
pte: 0x0000000087f44058
pte: 0x0000000087f44050
pte: 0x0000000087f44048
------End--------------
After madvise(MADV_WILLNEED) 17
page table 0x0000000087f49000
+-- 0: pte=0x0000000087f49000 va=0x0000000000000000 pa=0x0000000087f45000 V
|   +-- 0: pte=0x0000000087f45000 va=0x0000000000000000 pa=0x0000000087f44000 V
|       +-- 0: pte=0x0000000087f44000 va=0x0000000000000000 pa=0x0000000087f46000 V R W X U D
|       +-- 1: pte=0x0000000087f44008 va=0x0000000000001000 pa=0x0000000087f43000 V R W X
|       +-- 2: pte=0x0000000087f44010 va=0x0000000000002000 pa=0x0000000087f42000 V R W X U D
|       +-- 3: pte=0x0000000087f44018 va=0x0000000000003000 pa=0x0000000087f4a000 V R W X U D
|       +-- 4: pte=0x0000000087f44020 va=0x0000000000004000 pa=0x0000000087f76000 V R W X U
|       +-- 5: pte=0x0000000087f44028 va=0x0000000000005000 pa=0x0000000087f75000 V R W X U
|       +-- 6: pte=0x0000000087f44030 va=0x0000000000006000 blockno=0x0000000000000370 R W X U S
|       +-- 7: pte=0x0000000087f44038 va=0x0000000000007000 pa=0x0000000087f73000 V R W X U
|       +-- 8: pte=0x0000000087f44040 va=0x0000000000008000 pa=0x0000000087f66000 V R W X U
|       +-- 9: pte=0x0000000087f44048 va=0x0000000000009000 pa=0x0000000087f4b000 V R W X U P
|       +-- 10: pte=0x0000000087f44050 va=0x000000000000a000 pa=0x0000000087f4c000 V R W X U P
|       +-- 11: pte=0x0000000087f44058 va=0x000000000000b000 pa=0x0000000087f4d000 V R W X U P
|       +-- 12: pte=0x0000000087f44060 va=0x000000000000c000 pa=0x0000000087f4e000 V R W X U P
|       +-- 13: pte=0x0000000087f44068 va=0x000000000000d000 pa=0x0000000087f4f000 V R W X U D P
|       +-- 14: pte=0x0000000087f44070 va=0x000000000000e000 pa=0x0000000087f50000 V R W X U P
|       +-- 15: pte=0x0000000087f44078 va=0x000000000000f000 pa=0x0000000087f51000 V R W X U P
|       +-- 16: pte=0x0000000087f44080 va=0x0000000000010000 pa=0x0000000087f52000 V R W X U P
|       +-- 17: pte=0x0000000087f44088 va=0x0000000000011000 pa=0x0000000087f53000 V R W X U
|       +-- 18: pte=0x0000000087f44090 va=0x0000000000012000 pa=0x0000000087f54000 V R W X U
|       +-- 19: pte=0x0000000087f44098 va=0x0000000000013000 pa=0x0000000087f55000 V R W X U D
|       +-- 20: pte=0x0000000087f440a0 va=0x0000000000014000 pa=0x0000000087f56000 V R W X U
|       +-- 21: pte=0x0000000087f440a8 va=0x0000000000015000 pa=0x0000000087f57000 V R W X U
|       +-- 22: pte=0x0000000087f440b0 va=0x0000000000016000 pa=0x0000000087f58000 V R W X U
|       +-- 23: pte=0x0000000087f440b8 va=0x0000000000017000 pa=0x0000000087f59000 V R W X U
|       +-- 24: pte=0x0000000087f440c0 va=0x0000000000018000 pa=0x0000000087f5a000 V R W X U
|       +-- 25: pte=0x0000000087f440c8 va=0x0000000000019000 pa=0x0000000087f5b000 V R W X U
|       +-- 26: pte=0x0000000087f440d0 va=0x000000000001a000 pa=0x0000000087f72000 V R W X U
|       +-- 27: pte=0x0000000087f440d8 va=0x000000000001b000 pa=0x0000000087f67000 V R W X U
|       +-- 28: pte=0x0000000087f440e0 va=0x000000000001c000 pa=0x0000000087f71000 V R W X U
|       +-- 29: pte=0x0000000087f440e8 va=0x000000000001d000 pa=0x0000000087f41000 V R W X U
|       +-- 30: pte=0x0000000087f440f0 va=0x000000000001e000 pa=0x0000000087f40000 V R W X U
|       +-- 31: pte=0x0000000087f440f8 va=0x000000000001f000 pa=0x0000000087f3f000 V R W X U
|       +-- 32: pte=0x0000000087f44100 va=0x0000000000020000 pa=0x0000000087f3e000 V R W X U
|       +-- 33: pte=0x0000000087f44108 va=0x0000000000021000 pa=0x0000000087f3d000 V R W X U D
|       +-- 34: pte=0x0000000087f44110 va=0x0000000000022000 pa=0x0000000087f3c000 V R W X U
|       +-- 35: pte=0x0000000087f44118 va=0x0000000000023000 pa=0x0000000087f3b000 V R W X U
+-- 255: pte=0x0000000087f497f8 va=0x0000003fc0000000 pa=0x0000000087f48000 V
    +-- 511: pte=0x0000000087f48ff8 va=0x0000003fffe00000 pa=0x0000000087f47000 V
        +-- 510: pte=0x0000000087f47ff0 va=0x0000003fffffe000 pa=0x0000000087f65000 V R W D
        +-- 511: pte=0x0000000087f47ff8 va=0x0000003ffffff000 pa=0x0000000080007000 V R X
Page replacement buffers
------Start------------
pte: 0x0000000087f44078
pte: 0x0000000087f44068
pte: 0x0000000087f44080
pte: 0x0000000087f44070
pte: 0x0000000087f44060
pte: 0x0000000087f44058
pte: 0x0000000087f44050
pte: 0x0000000087f44048
------End--------------
