ument is of type ‘long unsigned int’
   36 | int madvise(void *base, int len, int advise);
      |             ~~~~~~^~~~
user/custom_5.c:32:24: warning: passing argument 1 of ‘madvise’ makes pointer from integer without a cast [-Wint-conversion]
   32 |   madvise((uint64) ptr + 3*PG_SIZE, PG_SIZE,  MADV_UNPIN); //unpin 6
      |                        ^
      |                        |
      |                        long unsigned int
In file included from user/custom_5.c:3:
./user/user.h:36:19: note: expected ‘void *’ but argument is of type ‘long unsigned int’
   36 | int madvise(void *base, int len, int advise);
      |             ~~~~~~^~~~
user/custom_5.c:35:24: warning: passing argument 1 of ‘madvise’ makes pointer from integer without a cast [-Wint-conversion]
   35 |   madvise((uint64) ptr + 3*PG_SIZE, PG_SIZE,  MADV_DONTNEED); //dontneed 6
      |                        ^
      |                        |
      |                        long unsigned int
In file included from user/custom_5.c:3:
./user/user.h:36:19: note: expected ‘void *’ but argument is of type ‘long unsigned int’
   36 | int madvise(void *base, int len, int advise);
      |             ~~~~~~^~~~
user/custom_5.c:40:24: warning: passing argument 1 of ‘madvise’ makes pointer from integer without a cast [-Wint-conversion]
   40 |   madvise((uint64) ptr + 3*PG_SIZE, 4*PG_SIZE,  MADV_WILLNEED); //willneed 6 7 8 9
      |                        ^
      |                        |
      |                        long unsigned int
In file included from user/custom_5.c:3:
./user/user.h:36:19: note: expected ‘void *’ but argument is of type ‘long unsigned int’
   36 | int madvise(void *base, int len, int advise);
      |             ~~~~~~^~~~
user/custom_5.c:47:23: warning: passing argument 1 of ‘madvise’ makes pointer from integer without a cast [-Wint-conversion]
   47 |  madvise((uint64) ptr + (i-3)*PG_SIZE, PG_SIZE,  MADV_PIN);
      |                       ^
      |                       |
      |                       long unsigned int
In file included from user/custom_5.c:3:
./user/user.h:36:19: note: expected ‘void *’ but argument is of type ‘long unsigned int’
   36 | int madvise(void *base, int len, int advise);
      |             ~~~~~~^~~~
user/custom_5.c:53:24: warning: passing argument 1 of ‘madvise’ makes pointer from integer without a cast [-Wint-conversion]
   53 |   madvise((uint64) ptr + 14*PG_SIZE, PG_SIZE,  MADV_WILLNEED); //willneed 17
      |                        ^
      |                        |
      |                        long unsigned int
In file included from user/custom_5.c:3:
./user/user.h:36:19: note: expected ‘void *’ but argument is of type ‘long unsigned int’
   36 | int madvise(void *base, int len, int advise);
      |             ~~~~~~^~~~
nmeta 46 (boot, super, log blocks 30 inode blocks 13, bitmap blocks 1) blocks 954 total 1000
balloc: first 878 blocks have been allocated
balloc: write bitmap block at sector 45
*** Now run 'gdb' in another window.

xv6 kernel is booting

hart 1 starting
hart 2 starting
init: starting sh
$ custom_3
page table 0x0000000087f49000
+-- 0: pte=0x0000000087f49000 va=0x0000000000000000 pa=0x0000000087f45000 V
|   +-- 0: pte=0x0000000087f45000 va=0x0000000000000000 pa=0x0000000087f44000 V
|       +-- 0: pte=0x0000000087f44000 va=0x0000000000000000 pa=0x0000000087f46000 V R W X U
|       +-- 1: pte=0x0000000087f44008 va=0x0000000000001000 pa=0x0000000087f43000 V R W X
|       +-- 2: pte=0x0000000087f44010 va=0x0000000000002000 pa=0x0000000087f42000 V R W X U D
+-- 255: pte=0x0000000087f497f8 va=0x0000003fc0000000 pa=0x0000000087f48000 V
    +-- 511: pte=0x0000000087f48ff8 va=0x0000003fffe00000 pa=0x0000000087f47000 V
        +-- 510: pte=0x0000000087f47ff0 va=0x0000003fffffe000 pa=0x0000000087f65000 V R W D
        +-- 511: pte=0x0000000087f47ff8 va=0x0000003ffffff000 pa=0x0000000080007000 V R X
After malloc
page table 0x0000000087f49000
+-- 0: pte=0x0000000087f49000 va=0x0000000000000000 pa=0x0000000087f45000 V
|   +-- 0: pte=0x0000000087f45000 va=0x0000000000000000 pa=0x0000000087f44000 V
|       +-- 0: pte=0x0000000087f44000 va=0x0000000000000000 pa=0x0000000087f46000 V R W X U D
|       +-- 1: pte=0x0000000087f44008 va=0x0000000000001000 pa=0x0000000087f43000 V R W X
|       +-- 2: pte=0x0000000087f44010 va=0x0000000000002000 pa=0x0000000087f42000 V R W X U D
|       +-- 3: pte=0x0000000087f44018 va=0x0000000000003000 pa=0x0000000087f4a000 V R W X U D
|       +-- 4: pte=0x0000000087f44020 va=0x0000000000004000 pa=0x0000000087f76000 V R W X U
|       +-- 5: pte=0x0000000087f44028 va=0x0000000000005000 pa=0x0000000087f75000 V R W X U
|       +-- 6: pte=0x0000000087f44030 va=0x0000000000006000 pa=0x0000000087f74000 V R W X U
|       +-- 7: pte=0x0000000087f44038 va=0x0000000000007000 pa=0x0000000087f73000 V R W X U
|       +-- 8: pte=0x0000000087f44040 va=0x0000000000008000 pa=0x0000000087f66000 V R W X U
|       +-- 9: pte=0x0000000087f44048 va=0x0000000000009000 pa=0x0000000087f4b000 V R W X U
|       +-- 10: pte=0x0000000087f44050 va=0x000000000000a000 pa=0x0000000087f4c000 V R W X U
|       +-- 11: pte=0x0000000087f44058 va=0x000000000000b000 pa=0x0000000087f4d000 V R W X U
|       +-- 12: pte=0x0000000087f44060 va=0x000000000000c000 pa=0x0000000087f4e000 V R W X U
|       +-- 13: pte=0x0000000087f44068 va=0x000000000000d000 pa=0x0000000087f4f000 V R W X U
|       +-- 14: pte=0x0000000087f44070 va=0x000000000000e000 pa=0x0000000087f50000 V R W X U
|       +-- 15: pte=0x0000000087f44078 va=0x000000000000f000 pa=0x0000000087f51000 V R W X U
|       +-- 16: pte=0x0000000087f44080 va=0x0000000000010000 pa=0x0000000087f52000 V R W X U
|       +-- 17: pte=0x0000000087f44088 va=0x0000000000011000 pa=0x0000000087f53000 V R W X U
|       +-- 18: pte=0x0000000087f44090 va=0x0000000000012000 pa=0x0000000087f54000 V R W X U
|       +-- 19: pte=0x0000000087f44098 va=0x0000000000013000 pa=0x0000000087f55000 V R W X U
+-- 255: pte=0x0000000087f497f8 va=0x0000003fc0000000 pa=0x0000000087f48000 V
    +-- 511: pte=0x0000000087f48ff8 va=0x0000003fffe00000 pa=0x0000000087f47000 V
        +-- 510: pte=0x0000000087f47ff0 va=0x0000003fffffe000 pa=0x0000000087f65000 V R W D
        +-- 511: pte=0x0000000087f47ff8 va=0x0000003ffffff000 pa=0x0000000080007000 V R X
After madvise(MADV_PIN 10)
page table 0x0000000087f49000
+-- 0: pte=0x0000000087f49000 va=0x0000000000000000 pa=0x0000000087f45000 V
|   +-- 0: pte=0x0000000087f45000 va=0x0000000000000000 pa=0x0000000087f44000 V
|       +-- 0: pte=0x0000000087f44000 va=0x0000000000000000 pa=0x0000000087f46000 V R W X U D
|       +-- 1: pte=0x0000000087f44008 va=0x0000000000001000 pa=0x0000000087f43000 V R W X
|       +-- 2: pte=0x0000000087f44010 va=0x0000000000002000 pa=0x0000000087f42000 V R W X U D
|       +-- 3: pte=0x0000000087f44018 va=0x0000000000003000 pa=0x0000000087f4a000 V R W X U D
|       +-- 4: pte=0x0000000087f44020 va=0x0000000000004000 pa=0x0000000087f76000 V R W X U
|       +-- 5: pte=0x0000000087f44028 va=0x0000000000005000 pa=0x0000000087f75000 V R W X U
|       +-- 6: pte=0x0000000087f44030 va=0x0000000000006000 pa=0x0000000087f74000 V R W X U
|       +-- 7: pte=0x0000000087f44038 va=0x0000000000007000 pa=0x0000000087f73000 V R W X U
|       +-- 8: pte=0x0000000087f44040 va=0x0000000000008000 pa=0x0000000087f66000 V R W X U
|       +-- 9: pte=0x0000000087f44048 va=0x0000000000009000 pa=0x0000000087f4b000 V R W X U
|       +-- 10: pte=0x0000000087f44050 va=0x000000000000a000 pa=0x0000000087f4c000 V R W X U P
|       +-- 11: pte=0x0000000087f44058 va=0x000000000000b000 pa=0x0000000087f4d000 V R W X U
|       +-- 12: pte=0x0000000087f44060 va=0x000000000000c000 pa=0x0000000087f4e000 V R W X U
|       +-- 13: pte=0x0000000087f44068 va=0x000000000000d000 pa=0x0000000087f4f000 V R W X U
|       +-- 14: pte=0x0000000087f44070 va=0x000000000000e000 pa=0x0000000087f50000 V R W X U
|       +-- 15: pte=0x0000000087f44078 va=0x000000000000f000 pa=0x0000000087f51000 V R W X U
|       +-- 16: pte=0x0000000087f44080 va=0x0000000000010000 pa=0x0000000087f52000 V R W X U
|       +-- 17: pte=0x0000000087f44088 va=0x0000000000011000 pa=0x0000000087f53000 V R W X U
|       +-- 18: pte=0x0000000087f44090 va=0x0000000000012000 pa=0x0000000087f54000 V R W X U
|       +-- 19: pte=0x0000000087f44098 va=0x0000000000013000 pa=0x0000000087f55000 V R W X U
+-- 255: pte=0x0000000087f497f8 va=0x0000003fc0000000 pa=0x0000000087f48000 V
    +-- 511: pte=0x0000000087f48ff8 va=0x0000003fffe00000 pa=0x0000000087f47000 V
        +-- 510: pte=0x0000000087f47ff0 va=0x0000003fffffe000 pa=0x0000000087f65000 V R W D
        +-- 511: pte=0x0000000087f47ff8 va=0x0000003ffffff000 pa=0x0000000080007000 V R X
After madvise(MADV_DONTNEED 7 8 9)
page table 0x0000000087f49000
+-- 0: pte=0x0000000087f49000 va=0x0000000000000000 pa=0x0000000087f45000 V
|   +-- 0: pte=0x0000000087f45000 va=0x0000000000000000 pa=0x0000000087f44000 V
|       +-- 0: pte=0x0000000087f44000 va=0x0000000000000000 pa=0x0000000087f46000 V R W X U D
|       +-- 1: pte=0x0000000087f44008 va=0x0000000000001000 pa=0x0000000087f43000 V R W X
|       +-- 2: pte=0x0000000087f44010 va=0x0000000000002000 pa=0x0000000087f42000 V R W X U D
|       +-- 3: pte=0x0000000087f44018 va=0x0000000000003000 pa=0x0000000087f4a000 V R W X U D
|       +-- 4: pte=0x0000000087f44020 va=0x0000000000004000 pa=0x0000000087f76000 V R W X U
|       +-- 5: pte=0x0000000087f44028 va=0x0000000000005000 pa=0x0000000087f75000 V R W X U
|       +-- 6: pte=0x0000000087f44030 va=0x0000000000006000 pa=0x0000000087f74000 V R W X U
|       +-- 7: pte=0x0000000087f44038 va=0x0000000000007000 blockno=0x0000000000000370 R W X U S
|       +-- 8: pte=0x0000000087f44040 va=0x0000000000008000 blockno=0x0000000000000378 R W X U S
|       +-- 9: pte=0x0000000087f44048 va=0x0000000000009000 blockno=0x0000000000000380 R W X U S
|       +-- 10: pte=0x0000000087f44050 va=0x000000000000a000 pa=0x0000000087f4c000 V R W X U P
|       +-- 11: pte=0x0000000087f44058 va=0x000000000000b000 pa=0x0000000087f4d000 V R W X U
|       +-- 12: pte=0x0000000087f44060 va=0x000000000000c000 pa=0x0000000087f4e000 V R W X U
|       +-- 13: pte=0x0000000087f44068 va=0x000000000000d000 pa=0x0000000087f4f000 V R W X U
|       +-- 14: pte=0x0000000087f44070 va=0x000000000000e000 pa=0x0000000087f50000 V R W X U
|       +-- 15: pte=0x0000000087f44078 va=0x000000000000f000 pa=0x0000000087f51000 V R W X U
|       +-- 16: pte=0x0000000087f44080 va=0x0000000000010000 pa=0x0000000087f52000 V R W X U
|       +-- 17: pte=0x0000000087f44088 va=0x0000000000011000 pa=0x0000000087f53000 V R W X U
|       +-- 18: pte=0x0000000087f44090 va=0x0000000000012000 pa=0x0000000087f54000 V R W X U
|       +-- 19: pte=0x0000000087f44098 va=0x0000000000013000 pa=0x0000000087f55000 V R W X U
+-- 255: pte=0x0000000087f497f8 va=0x0000003fc0000000 pa=0x0000000087f48000 V
    +-- 511: pte=0x0000000087f48ff8 va=0x0000003fffe00000 pa=0x0000000087f47000 V
        +-- 510: pte=0x0000000087f47ff0 va=0x0000003fffffe000 pa=0x0000000087f65000 V R W D
        +-- 511: pte=0x0000000087f47ff8 va=0x0000003ffffff000 pa=0x0000000080007000 V R X
After madvise(MADV_UNPIN 10)
page table 0x0000000087f49000
+-- 0: pte=0x0000000087f49000 va=0x0000000000000000 pa=0x0000000087f45000 V
|   +-- 0: pte=0x0000000087f45000 va=0x0000000000000000 pa=0x0000000087f44000 V
|       +-- 0: pte=0x0000000087f44000 va=0x0000000000000000 pa=0x0000000087f46000 V R W X U D
|       +-- 1: pte=0x0000000087f44008 va=0x0000000000001000 pa=0x0000000087f43000 V R W X
|       +-- 2: pte=0x0000000087f44010 va=0x0000000000002000 pa=0x0000000087f42000 V R W X U D
|       +-- 3: pte=0x0000000087f44018 va=0x0000000000003000 pa=0x0000000087f4a000 V R W X U D
|       +-- 4: pte=0x0000000087f44020 va=0x0000000000004000 pa=0x0000000087f76000 V R W X U
|       +-- 5: pte=0x0000000087f44028 va=0x0000000000005000 pa=0x0000000087f75000 V R W X U
|       +-- 6: pte=0x0000000087f44030 va=0x0000000000006000 pa=0x0000000087f74000 V R W X U
|       +-- 7: pte=0x0000000087f44038 va=0x0000000000007000 blockno=0x0000000000000370 R W X U S
|       +-- 8: pte=0x0000000087f44040 va=0x0000000000008000 blockno=0x0000000000000378 R W X U S
|       +-- 9: pte=0x0000000087f44048 va=0x0000000000009000 blockno=0x0000000000000380 R W X U S
|       +-- 10: pte=0x0000000087f44050 va=0x000000000000a000 pa=0x0000000087f4c000 V R W X U
|       +-- 11: pte=0x0000000087f44058 va=0x000000000000b000 pa=0x0000000087f4d000 V R W X U
|       +-- 12: pte=0x0000000087f44060 va=0x000000000000c000 pa=0x0000000087f4e000 V R W X U
|       +-- 13: pte=0x0000000087f44068 va=0x000000000000d000 pa=0x0000000087f4f000 V R W X U
|       +-- 14: pte=0x0000000087f44070 va=0x000000000000e000 pa=0x0000000087f50000 V R W X U
|       +-- 15: pte=0x0000000087f44078 va=0x000000000000f000 pa=0x0000000087f51000 V R W X U
|       +-- 16: pte=0x0000000087f44080 va=0x0000000000010000 pa=0x0000000087f52000 V R W X U
|       +-- 17: pte=0x0000000087f44088 va=0x0000000000011000 pa=0x0000000087f53000 V R W X U
|       +-- 18: pte=0x0000000087f44090 va=0x0000000000012000 pa=0x0000000087f54000 V R W X U
|       +-- 19: pte=0x0000000087f44098 va=0x0000000000013000 pa=0x0000000087f55000 V R W X U
+-- 255: pte=0x0000000087f497f8 va=0x0000003fc0000000 pa=0x0000000087f48000 V
    +-- 511: pte=0x0000000087f48ff8 va=0x0000003fffe00000 pa=0x0000000087f47000 V
        +-- 510: pte=0x0000000087f47ff0 va=0x0000003fffffe000 pa=0x0000000087f65000 V R W D
        +-- 511: pte=0x0000000087f47ff8 va=0x0000003ffffff000 pa=0x0000000080007000 V R X
Page fault and swap in
page table 0x0000000087f49000
+-- 0: pte=0x0000000087f49000 va=0x0000000000000000 pa=0x0000000087f45000 V
|   +-- 0: pte=0x0000000087f45000 va=0x0000000000000000 pa=0x0000000087f44000 V
|       +-- 0: pte=0x0000000087f44000 va=0x0000000000000000 pa=0x0000000087f46000 V R W X U D
|       +-- 1: pte=0x0000000087f44008 va=0x0000000000001000 pa=0x0000000087f43000 V R W X
|       +-- 2: pte=0x0000000087f44010 va=0x0000000000002000 pa=0x0000000087f42000 V R W X U D
|       +-- 3: pte=0x0000000087f44018 va=0x0000000000003000 pa=0x0000000087f4a000 V R W X U D
|       +-- 4: pte=0x0000000087f44020 va=0x0000000000004000 pa=0x0000000087f76000 V R W X U
|       +-- 5: pte=0x0000000087f44028 va=0x0000000000005000 pa=0x0000000087f75000 V R W X U
|       +-- 6: pte=0x0000000087f44030 va=0x0000000000006000 pa=0x0000000087f74000 V R W X U
|       +-- 7: pte=0x0000000087f44038 va=0x0000000000007000 blockno=0x0000000000000370 R W X U S
|       +-- 8: pte=0x0000000087f44040 va=0x0000000000008000 pa=0x0000000087f4b000 V R W X U D
|       +-- 9: pte=0x0000000087f44048 va=0x0000000000009000 blockno=0x0000000000000380 R W X U S
|       +-- 10: pte=0x0000000087f44050 va=0x000000000000a000 pa=0x0000000087f4c000 V R W X U
|       +-- 11: pte=0x0000000087f44058 va=0x000000000000b000 pa=0x0000000087f4d000 V R W X U
|       +-- 12: pte=0x0000000087f44060 va=0x000000000000c000 pa=0x0000000087f4e000 V R W X U
|       +-- 13: pte=0x0000000087f44068 va=0x000000000000d000 pa=0x0000000087f4f000 V R W X U
|       +-- 14: pte=0x0000000087f44070 va=0x000000000000e000 pa=0x0000000087f50000 V R W X U
|       +-- 15: pte=0x0000000087f44078 va=0x000000000000f000 pa=0x0000000087f51000 V R W X U
|       +-- 16: pte=0x0000000087f44080 va=0x0000000000010000 pa=0x0000000087f52000 V R W X U
|       +-- 17: pte=0x0000000087f44088 va=0x0000000000011000 pa=0x0000000087f53000 V R W X U
|       +-- 18: pte=0x0000000087f44090 va=0x0000000000012000 pa=0x0000000087f54000 V R W X U
|       +-- 19: pte=0x0000000087f44098 va=0x0000000000013000 pa=0x0000000087f55000 V R W X U
+-- 255: pte=0x0000000087f497f8 va=0x0000003fc0000000 pa=0x0000000087f48000 V
    +-- 511: pte=0x0000000087f48ff8 va=0x0000003fffe00000 pa=0x0000000087f47000 V
        +-- 510: pte=0x0000000087f47ff0 va=0x0000003fffffe000 pa=0x0000000087f65000 V R W D
        +-- 511: pte=0x0000000087f47ff8 va=0x0000003ffffff000 pa=0x0000000080007000 V R X
After madvise(MADV_DONTNEED 10)
page table 0x0000000087f49000
+-- 0: pte=0x0000000087f49000 va=0x0000000000000000 pa=0x0000000087f45000 V
|   +-- 0: pte=0x0000000087f45000 va=0x0000000000000000 pa=0x0000000087f44000 V
|       +-- 0: pte=0x0000000087f44000 va=0x0000000000000000 pa=0x0000000087f46000 V R W X U D
|       +-- 1: pte=0x0000000087f44008 va=0x0000000000001000 pa=0x0000000087f43000 V R W X
|       +-- 2: pte=0x0000000087f44010 va=0x0000000000002000 pa=0x0000000087f42000 V R W X U D
|       +-- 3: pte=0x0000000087f44018 va=0x0000000000003000 pa=0x0000000087f4a000 V R W X U D
|       +-- 4: pte=0x0000000087f44020 va=0x0000000000004000 pa=0x0000000087f76000 V R W X U
|       +-- 5: pte=0x0000000087f44028 va=0x0000000000005000 pa=0x0000000087f75000 V R W X U
|       +-- 6: pte=0x0000000087f44030 va=0x0000000000006000 pa=0x0000000087f74000 V R W X U
|       +-- 7: pte=0x0000000087f44038 va=0x0000000000007000 blockno=0x0000000000000370 R W X U S
|       +-- 8: pte=0x0000000087f44040 va=0x0000000000008000 pa=0x0000000087f4b000 V R W X U D
|       +-- 9: pte=0x0000000087f44048 va=0x0000000000009000 blockno=0x0000000000000380 R W X U S
|       +-- 10: pte=0x0000000087f44050 va=0x000000000000a000 blockno=0x0000000000000378 R W X U S
|       +-- 11: pte=0x0000000087f44058 va=0x000000000000b000 pa=0x0000000087f4d000 V R W X U
|       +-- 12: pte=0x0000000087f44060 va=0x000000000000c000 pa=0x0000000087f4e000 V R W X U
|       +-- 13: pte=0x0000000087f44068 va=0x000000000000d000 pa=0x0000000087f4f000 V R W X U
|       +-- 14: pte=0x0000000087f44070 va=0x000000000000e000 pa=0x0000000087f50000 V R W X U
|       +-- 15: pte=0x0000000087f44078 va=0x000000000000f000 pa=0x0000000087f51000 V R W X U
|       +-- 16: pte=0x0000000087f44080 va=0x0000000000010000 pa=0x0000000087f52000 V R W X U
|       +-- 17: pte=0x0000000087f44088 va=0x0000000000011000 pa=0x0000000087f53000 V R W X U
|       +-- 18: pte=0x0000000087f44090 va=0x0000000000012000 pa=0x0000000087f54000 V R W X U
|       +-- 19: pte=0x0000000087f44098 va=0x0000000000013000 pa=0x0000000087f55000 V R W X U
+-- 255: pte=0x0000000087f497f8 va=0x0000003fc0000000 pa=0x0000000087f48000 V
    +-- 511: pte=0x0000000087f48ff8 va=0x0000003fffe00000 pa=0x0000000087f47000 V
        +-- 510: pte=0x0000000087f47ff0 va=0x0000003fffffe000 pa=0x0000000087f65000 V R W D
        +-- 511: pte=0x0000000087f47ff8 va=0x0000003ffffff000 pa=0x0000000080007000 V R X
Page fault and swap in
page table 0x0000000087f49000
+-- 0: pte=0x0000000087f49000 va=0x0000000000000000 pa=0x0000000087f45000 V
|   +-- 0: pte=0x0000000087f45000 va=0x0000000000000000 pa=0x0000000087f44000 V
|       +-- 0: pte=0x0000000087f44000 va=0x0000000000000000 pa=0x0000000087f46000 V R W X U D
|       +-- 1: pte=0x0000000087f44008 va=0x0000000000001000 pa=0x0000000087f43000 V R W X
|       +-- 2: pte=0x0000000087f44010 va=0x0000000000002000 pa=0x0000000087f42000 V R W X U D
|       +-- 3: pte=0x0000000087f44018 va=0x0000000000003000 pa=0x0000000087f4a000 V R W X U D
|       +-- 4: pte=0x0000000087f44020 va=0x0000000000004000 pa=0x0000000087f76000 V R W X U
|       +-- 5: pte=0x0000000087f44028 va=0x0000000000005000 pa=0x0000000087f75000 V R W X U
|       +-- 6: pte=0x0000000087f44030 va=0x0000000000006000 pa=0x0000000087f74000 V R W X U
|       +-- 7: pte=0x0000000087f44038 va=0x0000000000007000 blockno=0x0000000000000370 R W X U S
|       +-- 8: pte=0x0000000087f44040 va=0x0000000000008000 pa=0x0000000087f4b000 V R W X U D
|       +-- 9: pte=0x0000000087f44048 va=0x0000000000009000 blockno=0x0000000000000380 R W X U S
|       +-- 10: pte=0x0000000087f44050 va=0x000000000000a000 pa=0x0000000087f4c000 V R W X U D
|       +-- 11: pte=0x0000000087f44058 va=0x000000000000b000 pa=0x0000000087f4d000 V R W X U
|       +-- 12: pte=0x0000000087f44060 va=0x000000000000c000 pa=0x0000000087f4e000 V R W X U
|       +-- 13: pte=0x0000000087f44068 va=0x000000000000d000 pa=0x0000000087f4f000 V R W X U
|       +-- 14: pte=0x0000000087f44070 va=0x000000000000e000 pa=0x0000000087f50000 V R W X U
|       +-- 15: pte=0x0000000087f44078 va=0x000000000000f000 pa=0x0000000087f51000 V R W X U
|       +-- 16: pte=0x0000000087f44080 va=0x0000000000010000 pa=0x0000000087f52000 V R W X U
|       +-- 17: pte=0x0000000087f44088 va=0x0000000000011000 pa=0x0000000087f53000 V R W X U
|       +-- 18: pte=0x0000000087f44090 va=0x0000000000012000 pa=0x0000000087f54000 V R W X U
|       +-- 19: pte=0x0000000087f44098 va=0x0000000000013000 pa=0x0000000087f55000 V R W X U
+-- 255: pte=0x0000000087f497f8 va=0x0000003fc0000000 pa=0x0000000087f48000 V
    +-- 511: pte=0x0000000087f48ff8 va=0x0000003fffe00000 pa=0x0000000087f47000 V
        +-- 510: pte=0x0000000087f47ff0 va=0x0000003fffffe000 pa=0x0000000087f65000 V R W D
        +-- 511: pte=0x0000000087f47ff8 va=0x0000003ffffff000 pa=0x0000000080007000 V R X
After madvise(MADV_DONTNEED 10)
page table 0x0000000087f49000
+-- 0: pte=0x0000000087f49000 va=0x0000000000000000 pa=0x0000000087f45000 V
|   +-- 0: pte=0x0000000087f45000 va=0x0000000000000000 pa=0x0000000087f44000 V
|       +-- 0: pte=0x0000000087f44000 va=0x0000000000000000 pa=0x0000000087f46000 V R W X U D
|       +-- 1: pte=0x0000000087f44008 va=0x0000000000001000 pa=0x0000000087f43000 V R W X
|       +-- 2: pte=0x0000000087f44010 va=0x0000000000002000 pa=0x0000000087f42000 V R W X U D
|       +-- 3: pte=0x0000000087f44018 va=0x0000000000003000 pa=0x0000000087f4a000 V R W X U D
|       +-- 4: pte=0x0000000087f44020 va=0x0000000000004000 pa=0x0000000087f76000 V R W X U
|       +-- 5: pte=0x0000000087f44028 va=0x0000000000005000 pa=0x0000000087f75000 V R W X U
|       +-- 6: pte=0x0000000087f44030 va=0x0000000000006000 pa=0x0000000087f74000 V R W X U
|       +-- 7: pte=0x0000000087f44038 va=0x0000000000007000 blockno=0x0000000000000370 R W X U S
|       +-- 8: pte=0x0000000087f44040 va=0x0000000000008000 pa=0x0000000087f4b000 V R W X U D
|       +-- 9: pte=0x0000000087f44048 va=0x0000000000009000 blockno=0x0000000000000380 R W X U S
|       +-- 10: pte=0x0000000087f44050 va=0x000000000000a000 blockno=0x0000000000000378 R W X U S
|       +-- 11: pte=0x0000000087f44058 va=0x000000000000b000 pa=0x0000000087f4d000 V R W X U
|       +-- 12: pte=0x0000000087f44060 va=0x000000000000c000 pa=0x0000000087f4e000 V R W X U
|       +-- 13: pte=0x0000000087f44068 va=0x000000000000d000 pa=0x0000000087f4f000 V R W X U
|       +-- 14: pte=0x0000000087f44070 va=0x000000000000e000 pa=0x0000000087f50000 V R W X U
|       +-- 15: pte=0x0000000087f44078 va=0x000000000000f000 pa=0x0000000087f51000 V R W X U
|       +-- 16: pte=0x0000000087f44080 va=0x0000000000010000 pa=0x0000000087f52000 V R W X U
|       +-- 17: pte=0x0000000087f44088 va=0x0000000000011000 pa=0x0000000087f53000 V R W X U
|       +-- 18: pte=0x0000000087f44090 va=0x0000000000012000 pa=0x0000000087f54000 V R W X U
|       +-- 19: pte=0x0000000087f44098 va=0x0000000000013000 pa=0x0000000087f55000 V R W X U
+-- 255: pte=0x0000000087f497f8 va=0x0000003fc0000000 pa=0x0000000087f48000 V
    +-- 511: pte=0x0000000087f48ff8 va=0x0000003fffe00000 pa=0x0000000087f47000 V
        +-- 510: pte=0x0000000087f47ff0 va=0x0000003fffffe000 pa=0x0000000087f65000 V R W D
        +-- 511: pte=0x0000000087f47ff8 va=0x0000003ffffff000 pa=0x0000000080007000 V R X
Page fault and swap in
page table 0x0000000087f49000
+-- 0: pte=0x0000000087f49000 va=0x0000000000000000 pa=0x0000000087f45000 V
|   +-- 0: pte=0x0000000087f45000 va=0x0000000000000000 pa=0x0000000087f44000 V
|       +-- 0: pte=0x0000000087f44000 va=0x0000000000000000 pa=0x0000000087f46000 V R W X U D
|       +-- 1: pte=0x0000000087f44008 va=0x0000000000001000 pa=0x0000000087f43000 V R W X
|       +-- 2: pte=0x0000000087f44010 va=0x0000000000002000 pa=0x0000000087f42000 V R W X U D
|       +-- 3: pte=0x0000000087f44018 va=0x0000000000003000 pa=0x0000000087f4a000 V R W X U D
|       +-- 4: pte=0x0000000087f44020 va=0x0000000000004000 pa=0x0000000087f76000 V R W X U
|       +-- 5: pte=0x0000000087f44028 va=0x0000000000005000 pa=0x0000000087f75000 V R W X U
|       +-- 6: pte=0x0000000087f44030 va=0x0000000000006000 pa=0x0000000087f74000 V R W X U
|       +-- 7: pte=0x0000000087f44038 va=0x0000000000007000 blockno=0x0000000000000370 R W X U S
|       +-- 8: pte=0x0000000087f44040 va=0x0000000000008000 pa=0x0000000087f4b000 V R W X U D
|       +-- 9: pte=0x0000000087f44048 va=0x0000000000009000 blockno=0x0000000000000380 R W X U S
|       +-- 10: pte=0x0000000087f44050 va=0x000000000000a000 pa=0x0000000087f4c000 V R W X U D
|       +-- 11: pte=0x0000000087f44058 va=0x000000000000b000 pa=0x0000000087f4d000 V R W X U
|       +-- 12: pte=0x0000000087f44060 va=0x000000000000c000 pa=0x0000000087f4e000 V R W X U
|       +-- 13: pte=0x0000000087f44068 va=0x000000000000d000 pa=0x0000000087f4f000 V R W X U
|       +-- 14: pte=0x0000000087f44070 va=0x000000000000e000 pa=0x0000000087f50000 V R W X U
|       +-- 15: pte=0x0000000087f44078 va=0x000000000000f000 pa=0x0000000087f51000 V R W X U
|       +-- 16: pte=0x0000000087f44080 va=0x0000000000010000 pa=0x0000000087f52000 V R W X U
|       +-- 17: pte=0x0000000087f44088 va=0x0000000000011000 pa=0x0000000087f53000 V R W X U
|       +-- 18: pte=0x0000000087f44090 va=0x0000000000012000 pa=0x0000000087f54000 V R W X U
|       +-- 19: pte=0x0000000087f44098 va=0x0000000000013000 pa=0x0000000087f55000 V R W X U
+-- 255: pte=0x0000000087f497f8 va=0x0000003fc0000000 pa=0x0000000087f48000 V
    +-- 511: pte=0x0000000087f48ff8 va=0x0000003fffe00000 pa=0x0000000087f47000 V
        +-- 510: pte=0x0000000087f47ff0 va=0x0000003fffffe000 pa=0x0000000087f65000 V R W D
        +-- 511: pte=0x0000000087f47ff8 va=0x0000003ffffff000 pa=0x0000000080007000 V R X
Saved string: abc
After madvise(MADV_DONTNEED 10)
page table 0x0000000087f49000
+-- 0: pte=0x0000000087f49000 va=0x0000000000000000 pa=0x0000000087f45000 V
|   +-- 0: pte=0x0000000087f45000 va=0x0000000000000000 pa=0x0000000087f44000 V
|       +-- 0: pte=0x0000000087f44000 va=0x0000000000000000 pa=0x0000000087f46000 V R W X U D
|       +-- 1: pte=0x0000000087f44008 va=0x0000000000001000 pa=0x0000000087f43000 V R W X
|       +-- 2: pte=0x0000000087f44010 va=0x0000000000002000 pa=0x0000000087f42000 V R W X U D
|       +-- 3: pte=0x0000000087f44018 va=0x0000000000003000 pa=0x0000000087f4a000 V R W X U D
|       +-- 4: pte=0x0000000087f44020 va=0x0000000000004000 pa=0x0000000087f76000 V R W X U
|       +-- 5: pte=0x0000000087f44028 va=0x0000000000005000 pa=0x0000000087f75000 V R W X U
|       +-- 6: pte=0x0000000087f44030 va=0x0000000000006000 pa=0x0000000087f74000 V R W X U
|       +-- 7: pte=0x0000000087f44038 va=0x0000000000007000 blockno=0x0000000000000370 R W X U S
|       +-- 8: pte=0x0000000087f44040 va=0x0000000000008000 pa=0x0000000087f4b000 V R W X U D
|       +-- 9: pte=0x0000000087f44048 va=0x0000000000009000 blockno=0x0000000000000380 R W X U S
|       +-- 10: pte=0x0000000087f44050 va=0x000000000000a000 blockno=0x0000000000000378 R W X U S
|       +-- 11: pte=0x0000000087f44058 va=0x000000000000b000 pa=0x0000000087f4d000 V R W X U
|       +-- 12: pte=0x0000000087f44060 va=0x000000000000c000 pa=0x0000000087f4e000 V R W X U
|       +-- 13: pte=0x0000000087f44068 va=0x000000000000d000 pa=0x0000000087f4f000 V R W X U
|       +-- 14: pte=0x0000000087f44070 va=0x000000000000e000 pa=0x0000000087f50000 V R W X U
|       +-- 15: pte=0x0000000087f44078 va=0x000000000000f000 pa=0x0000000087f51000 V R W X U
|       +-- 16: pte=0x0000000087f44080 va=0x0000000000010000 pa=0x0000000087f52000 V R W X U
|       +-- 17: pte=0x0000000087f44088 va=0x0000000000011000 pa=0x0000000087f53000 V R W X U
|       +-- 18: pte=0x0000000087f44090 va=0x0000000000012000 pa=0x0000000087f54000 V R W X U
|       +-- 19: pte=0x0000000087f44098 va=0x0000000000013000 pa=0x0000000087f55000 V R W X U
+-- 255: pte=0x0000000087f497f8 va=0x0000003fc0000000 pa=0x0000000087f48000 V
    +-- 511: pte=0x0000000087f48ff8 va=0x0000003fffe00000 pa=0x0000000087f47000 V
        +-- 510: pte=0x0000000087f47ff0 va=0x0000003fffffe000 pa=0x0000000087f65000 V R W D
        +-- 511: pte=0x0000000087f47ff8 va=0x0000003ffffff000 pa=0x0000000080007000 V R X
After madvise(MADV_WILLNEED 10)
page table 0x0000000087f49000
+-- 0: pte=0x0000000087f49000 va=0x0000000000000000 pa=0x0000000087f45000 V
|   +-- 0: pte=0x0000000087f45000 va=0x0000000000000000 pa=0x0000000087f44000 V
|       +-- 0: pte=0x0000000087f44000 va=0x0000000000000000 pa=0x0000000087f46000 V R W X U D
|       +-- 1: pte=0x0000000087f44008 va=0x0000000000001000 pa=0x0000000087f43000 V R W X
|       +-- 2: pte=0x0000000087f44010 va=0x0000000000002000 pa=0x0000000087f42000 V R W X U D
|       +-- 3: pte=0x0000000087f44018 va=0x0000000000003000 pa=0x0000000087f4a000 V R W X U D
|       +-- 4: pte=0x0000000087f44020 va=0x0000000000004000 pa=0x0000000087f76000 V R W X U
|       +-- 5: pte=0x0000000087f44028 va=0x0000000000005000 pa=0x0000000087f75000 V R W X U
|       +-- 6: pte=0x0000000087f44030 va=0x0000000000006000 pa=0x0000000087f74000 V R W X U
|       +-- 7: pte=0x0000000087f44038 va=0x0000000000007000 blockno=0x0000000000000370 R W X U S
|       +-- 8: pte=0x0000000087f44040 va=0x0000000000008000 pa=0x0000000087f4b000 V R W X U D
|       +-- 9: pte=0x0000000087f44048 va=0x0000000000009000 blockno=0x0000000000000380 R W X U S
|       +-- 10: pte=0x0000000087f44050 va=0x000000000000a000 pa=0x0000000087f4c000 V R W X U D
|       +-- 11: pte=0x0000000087f44058 va=0x000000000000b000 pa=0x0000000087f4d000 V R W X U
|       +-- 12: pte=0x0000000087f44060 va=0x000000000000c000 pa=0x0000000087f4e000 V R W X U
|       +-- 13: pte=0x0000000087f44068 va=0x000000000000d000 pa=0x0000000087f4f000 V R W X U
|       +-- 14: pte=0x0000000087f44070 va=0x000000000000e000 pa=0x0000000087f50000 V R W X U
|       +-- 15: pte=0x0000000087f44078 va=0x000000000000f000 pa=0x0000000087f51000 V R W X U
|       +-- 16: pte=0x0000000087f44080 va=0x0000000000010000 pa=0x0000000087f52000 V R W X U
|       +-- 17: pte=0x0000000087f44088 va=0x0000000000011000 pa=0x0000000087f53000 V R W X U
|       +-- 18: pte=0x0000000087f44090 va=0x0000000000012000 pa=0x0000000087f54000 V R W X U
|       +-- 19: pte=0x0000000087f44098 va=0x0000000000013000 pa=0x0000000087f55000 V R W X U
+-- 255: pte=0x0000000087f497f8 va=0x0000003fc0000000 pa=0x0000000087f48000 V
    +-- 511: pte=0x0000000087f48ff8 va=0x0000003fffe00000 pa=0x0000000087f47000 V
        +-- 510: pte=0x0000000087f47ff0 va=0x0000003fffffe000 pa=0x0000000087f65000 V R W D
        +-- 511: pte=0x0000000087f47ff8 va=0x0000003ffffff000 pa=0x0000000080007000 V R X
Saved string: abcd
$ qemu-system-riscv64: terminating on signal 15 from pid 52414 (make)
